0.0
32.1
37.8
44.6
44.4
61.3
50.0
48.8
40.0
42.0
77.8
53.6
53.6
49.4
47.5
48.8
46.2
51.2
52.4
46.3
51.2
50.6
48.1
48.1
56.7
70.8
48.1
51.9
44.3
51.3
49.4
51.8
45.3
48.8
45.6
50.6
47.0
52.9
45.6
49.4
46.4
50.6
44.4
55.3
45.7
52.5
47.6
50.6
43.0
45.9
51.2
50.6
40.7
43.2
46.8
74.0
44.7
46.1
43.0
44.6
60.0
44.2
45.6
50.6
46.2
53.7
50.0
48.7
45.5
45.8
50.6
48.1
52.9
48.1
48.8
54.2
50.0
46.3
55.2
43.6
50.0
52.4
48.8
48.1
46.2
65.2
53.1
46.2
45.0
50.0
40.5
50.0
53.6
47.5
46.8
44.0
45.9
42.4
49.4
48.8
42.7
51.9
51.2
44.3
46.8
58.0
47.0
50.0
43.4
51.2
54.7
49.4
46.2
54.2
47.6
73.3
64.0
47.0
47.6
48.1
48.1
48.8
49.4
42.1
46.8
46.2
56.7
62.2
50.0
53.1
45.6
50.0
52.4
42.9
48.1
47.1
54.2
48.1
47.4
48.8
50.0
42.9
48.7
44.3
45.6
52.9
75.8
47.6
48.1
51.9
46.3
48.2
43.2
45.0
52.4
53.7
43.2
47.4
48.8
53.5
51.7
46.3
46.2
46.8
47.5
48.1
46.9
44.4
54.1
45.5
53.2
48.8
46.2
45.5
48.1
42.3
50.0
54.0
54.3
46.3
24.4
4.1
5.1
3.1
5.2
2.1
3.1
4.2
5.1
3.1
2.1
3.2
6.1
4.1
5.1
3.1
4.1
4.2
5.2
3.1
2.1
