0
282
325
333
347
389
370
370
318
362
438
380
397
402
386
372
395
389
403
379
415
386
405
378
463
781
387
410
370
432
362
405
397
385
373
407
375
398
381
405
366
403
379
416
375
400
372
400
366
401
373
407
324
381
395
941
351
393
365
395
510
385
390
391
390
411
366
404
390
370
408
395
362
404
380
401
402
389
402
367
385
367
401
379
396
663
424
386
382
414
371
409
410
393
397
398
407
315
395
395
375
403
393
375
401
422
382
404
357
407
362
379
404
417
379
909
655
375
383
405
398
362
400
378
393
385
368
386
364
405
382
402
401
369
422
355
415
375
401
405
383
351
392
384
362
416
908
391
397
406
382
390
390
374
402
437
383
391
394
400
380
386
388
396
382
403
387
367
409
382
418
400
386
398
403
373
400
398
420
372
231
0
0
0
0
0
0
0
0
0
0
0
0
0
0
0
0
0
0
0
0
