0
519
600
620
641
727
681
680
591
668
807
699
731
744
707
683
732
718
739
698
769
708
747
694
862
1434
709
755
685
797
673
744
734
704
690
753
686
736
704
738
676
743
696
765
693
738
684
739
674
740
686
751
597
706
723
1731
646
733
673
727
937
701
723
716
714
755
675
744
718
684
756
727
666
747
700
738
737
729
743
669
707
673
730
698
725
1221
779
709
697
754
682
745
751
722
722
732
741
582
720
719
685
737
722
686
733
774
700
741
657
744
663
697
737
767
698
1662
1197
690
696
744
729
666
738
695
718
708
676
709
671
748
698
739
734
676
771
649
756
693
731
745
699
644
719
702
663
766
1660
715
727
747
696
720
716
685
740
803
705
722
722
734
699
704
708
723
700
737
708
675
751
702
764
733
709
727
737
681
730
734
761
685
423
0
0
0
0
0
0
0
0
0
0
0
0
0
0
0
0
0
0
1
1
