0
201
222
251
248
282
266
263
235
261
312
276
289
290
279
266
285
282
290
272
303
277
294
273
296
423
276
296
271
297
280
292
287
276
270
296
269
288
276
289
262
291
274
301
270
290
277
290
267
290
268
292
233
278
284
441
254
285
262
286
352
277
282
281
282
297
265
293
282
267
297
287
261
292
274
289
291
285
292
264
280
264
290
272
287
372
307
280
276
297
268
294
298
284
285
288
293
227
284
285
270
294
286
270
290
306
277
291
260
293
264
275
290
305
276
399
375
271
274
296
288
265
292
273
284
282
252
281
279
294
276
294
289
275
294
271
300
276
289
294
274
256
285
277
261
302
440
283
288
296
276
286
283
272
292
318
280
287
284
292
275
278
281
288
277
291
279
266
294
278
303
287
278
288
290
271
288
290
300
269
168
0
0
0
0
0
0
0
0
0
0
0
0
0
0
0
0
0
0
0
0
