0
517
569
652
639
735
681
673
600
667
797
703
737
742
711
678
728
718
739
702
773
712
749
696
761
1076
710
755
691
756
714
744
739
702
693
754
684
734
711
739
675
747
698
767
694
738
706
739
679
739
683
747
598
708
722
1130
647
732
671
728
897
706
719
715
718
756
675
748
719
685
757
730
665
743
697
734
741
723
748
668
709
671
735
698
728
940
776
709
698
752
686
743
756
720
720
735
741
587
720
720
682
742
722
683
733
781
699
743
657
743
667
703
733
771
698
1007
947
689
693
749
729
669
739
699
717
714
637
710
710
743
698
743
731
695
743
687
758
697
731
750
700
648
720
701
662
763
1113
715
729
749
698
722
715
688
739
803
708
725
717
737
696
702
711
727
700
736
713
679
751
708
767
737
703
728
734
685
728
738
758
686
425
0
0
0
0
0
0
0
0
0
0
0
0
0
0
0
0
0
0
0
0
