100.0
5.2
4.3
3.2
2.2
5.2
10.6
10.0
2.2
4.2
5.3
6.2
4.3
4.2
3.2
1.1
5.3
3.2
3.2
2.1
3.2
4.2
4.3
5.2
3.2
4.2
5.3
3.2
5.3
4.2
5.3
3.2
5.3
4.2
4.3
6.2
4.3
3.2
5.3
4.2
14.7
75.3
100.0
98.1
100.0
99.0
100.0
91.8
84.5
61.6
62.8
30.8
42.4
35.5
25.3
5.3
22.2
29.0
51.6
35.9
40.9
39.1
19.1
5.3
6.2
7.4
4.3
4.2
6.2
3.2
3.3
5.3
27.1
54.4
100.0
96.0
95.0
99.0
100.0
99.0
100.0
65.6
65.7
45.7
33.3
21.7
44.8
21.5
26.4
33.0
27.8
31.9
32.2
20.2
29.7
22.3
3.2
4.3
4.2
5.3
3.2
4.3
6.3
9.7
54.0
65.6
94.9
96.9
100.0
97.0
99.0
95.0
99.0
89.0
44.9
48.4
29.5
22.2
26.5
36.8
31.5
33.7
26.6
16.5
29.7
24.5
45.3
19.4
5.3
6.3
5.3
6.3
5.3
4.3
9.1
18.4
64.2
60.2
98.0
94.2
99.0
100.0
96.0
99.0
99.0
70.1
73.6
31.6
40.2
18.0
34.0
28.6
23.3
25.5
42.0
11.0
62.9
22.0
39.1
10.3
7.4
6.3
4.2
3.2
6.3
22.0
8.9
27.1
63.8
77.7
94.1
97.9
96.2
93.9
100.0
100.0
97.0
50.0
58.3
23.6
27.3
22.8
34.8
38.5
18.9
28.0
28.3
18.0
30.8
23.4
29.7
7.4
3.2
3.2
4.3
6.3
3.2
5.4
16.7
60.9
62.2
