0
16
17
16
16
16
16
16
16
16
17
17
16
16
16
16
17
16
16
16
16
16
16
16
16
16
17
16
17
16
17
16
17
16
17
16
17
16
17
16
45
203
269
312
265
264
374
231
241
154
171
102
117
101
70
17
75
78
115
105
108
105
63
16
16
17
17
14
18
17
17
16
93
176
255
278
313
232
273
256
291
166
167
133
98
62
86
71
88
97
84
88
100
62
83
62
16
16
16
16
16
16
16
35
145
201
248
233
292
278
249
236
274
206
130
118
93
73
76
93
100
105
80
59
101
61
91
47
16
16
16
16
16
16
18
69
182
133
240
255
275
262
344
232
266
133
196
61
119
61
101
81
75
77
125
39
120
65
93
21
16
16
16
16
17
16
37
98
169
200
273
249
258
244
252
331
217
135
162
76
94
66
109
112
69
76
85
67
93
63
92
25
17
16
16
16
16
21
58
171
183
