0
32
33
31
31
31
33
31
31
30
32
33
31
31
31
30
38
31
31
31
31
33
31
31
31
31
41
31
32
32
35
31
32
30
32
36
33
30
32
31
87
376
502
574
496
501
697
425
447
284
318
189
218
188
131
40
140
145
217
195
204
196
121
31
31
39
33
29
34
32
35
31
173
325
477
521
588
427
505
482
554
308
322
251
182
121
164
132
164
180
158
164
186
116
154
120
31
31
31
31
33
31
31
67
270
379
460
430
539
512
460
437
510
387
241
220
173
135
134
176
187
196
148
108
191
115
168
88
31
33
31
31
31
31
41
133
336
235
447
468
484
489
633
427
501
246
362
121
220
116
187
151
139
142
236
73
222
121
174
47
31
31
32
31
37
31
70
181
312
370
497
463
475
451
472
610
403
253
299
143
174
123
202
208
133
142
159
125
173
119
171
47
33
31
33
31
32
41
109
317
338
