0
11
12
11
11
12
12
12
11
11
12
12
12
12
11
11
13
12
11
12
11
12
11
12
11
11
13
12
11
12
12
11
12
11
12
12
12
11
12
11
31
135
192
190
196
197
168
218
163
132
127
71
88
73
51
13
52
59
88
75
80
77
47
11
11
13
12
11
13
12
12
11
65
117
195
199
173
199
187
189
197
131
129
98
71
43
67
51
64
69
64
64
73
43
61
45
12
11
12
11
12
12
12
23
107
131
184
190
192
182
206
195
198
170
91
94
68
53
47
77
73
77
58
42
64
56
61
39
11
12
12
11
12
11
12
48
134
83
180
185
198
208
171
212
191
127
130
59
87
44
72
60
54
54
93
28
87
47
65
17
11
12
12
12
12
12
25
70
126
148
186
192
193
181
187
191
214
106
118
55
68
48
80
82
50
55
62
48
68
46
67
18
12
12
12
12
12
14
41
121
130
