0
32
33
31
30
33
36
33
30
31
34
34
32
32
30
30
43
33
30
32
31
34
30
33
30
30
45
32
31
34
36
30
31
32
31
41
35
29
35
30
82
343
487
485
500
512
430
551
411
335
324
180
225
185
130
44
136
150
223
191
209
196
120
30
31
46
36
29
37
32
38
31
168
295
489
513
441
501
472
477
500
332
329
250
180
121
172
130
166
176
168
162
188
110
154
124
38
31
34
30
33
34
35
58
269
341
468
478
485
458
519
493
501
432
229
244
178
133
124
196
188
198
148
107
172
148
155
105
30
32
32
31
37
30
39
129
339
213
454
477
500
524
433
533
488
322
331
154
219
115
183
156
138
141
239
74
223
121
170
49
31
33
33
34
38
34
66
178
320
376
466
484
487
459
478
485
541
271
298
141
173
124
204
206
133
144
159
126
173
119
168
49
35
31
37
35
33
39
108
306
327
