0
16
17
16
14
18
17
16
17
17
16
17
17
16
16
17
16
16
17
17
16
16
16
17
16
18
17
17
16
16
16
15
17
16
16
16
16
16
16
16
15
18
16
17
17
16
16
16
16
16
16
17
17
16
15
17
15
17
16
17
17
16
16
17
16
16
16
17
16
16
16
17
16
16
16
17
18
18
16
17
15
17
16
17
16
16
16
16
17
16
16
16
15
17
16
17
16
16
16
16
16
17
16
17
16
17
16
17
16
17
16
16
16
16
17
16
16
16
16
16
16
16
16
16
17
16
16
16
16
17
17
14
18
16
17
16
16
16
16
17
16
17
16
16
16
16
16
16
16
15
18
16
17
16
16
16
16
16
16
17
18
16
16
16
16
16
17
16
16
17
16
17
16
16
16
16
17
17
16
17
16
16
17
17
16
16
17
16
18
16
16
16
17
16
16
16
16
16
16
17
16
