0
30
32
31
28
36
32
30
32
33
31
36
34
32
32
33
32
31
36
34
31
33
31
32
31
34
33
32
31
31
31
29
35
31
31
31
32
32
31
31
28
35
31
32
32
31
31
32
32
31
32
33
32
31
29
34
29
33
31
32
32
32
32
36
32
32
32
32
31
32
31
32
31
31
31
32
44
39
37
32
29
33
30
32
31
31
31
31
33
31
32
31
29
33
30
32
32
31
31
31
31
32
32
32
31
33
32
34
30
32
31
31
30
31
32
32
31
31
31
31
31
31
31
31
32
31
31
31
31
31
32
28
34
32
33
31
33
31
30
32
30
33
31
31
31
31
31
31
31
29
34
30
32
31
31
32
31
31
31
33
34
30
30
31
31
30
32
31
31
32
30
33
32
31
30
31
32
32
30
32
30
31
32
32
31
31
32
30
35
31
31
31
32
31
31
31
32
31
32
31
31
