0
29
32
30
27
34
31
29
32
31
30
30
32
30
30
30
30
30
30
30
30
30
30
30
30
33
32
30
30
31
30
28
33
30
30
30
30
34
32
39
31
33
31
32
30
30
32
32
30
30
30
32
31
30
29
32
29
32
31
31
30
30
29
31
30
30
30
30
30
30
31
30
31
30
30
31
47
38
33
31
28
32
30
32
30
30
30
30
30
30
31
30
28
32
29
31
30
30
30
30
30
30
32
30
31
31
30
31
29
31
30
30
29
31
30
31
30
30
30
30
30
30
30
30
30
30
30
30
30
30
30
26
33
32
31
30
32
30
29
31
29
32
30
30
31
30
30
30
30
28
32
29
31
30
30
31
30
30
29
32
32
29
29
30
30
29
31
30
29
31
29
31
30
30
29
32
30
30
30
30
30
30
30
30
30
30
30
30
33
30
30
30
31
29
30
30
31
30
31
30
31
