100.0
57.6
52.3
50.0
58.1
91.7
51.9
47.0
59.1
46.8
58.9
49.4
55.8
57.6
54.1
51.2
57.6
56.8
56.7
54.5
57.6
53.5
56.3
54.0
53.5
53.9
57.3
47.7
55.7
53.5
53.6
50.0
54.7
58.1
64.5
96.9
59.6
63.0
56.8
47.1
54.7
47.8
62.0
55.4
85.4
62.4
52.8
58.1
57.5
55.2
54.5
58.0
50.6
51.9
57.3
55.4
55.6
53.7
53.0
54.1
49.4
54.2
54.0
56.0
53.4
60.4
60.5
55.7
53.0
58.7
51.8
55.4
54.5
53.0
58.0
53.0
55.7
55.7
55.8
63.8
78.0
60.7
55.7
39.3
57.1
58.0
51.2
56.2
51.2
57.0
51.8
62.2
54.0
52.5
51.8
50.6
54.0
53.1
56.0
54.2
56.0
58.0
55.1
60.9
48.9
58.3
51.8
58.6
72.3
58.7
58.0
56.3
49.4
61.1
50.6
76.6
76.5
54.3
55.2
60.4
51.7
58.7
48.8
56.3
60.2
54.2
53.5
45.7
52.4
53.5
53.5
53.8
51.8
57.5
54.8
65.9
100.0
58.8
50.6
58.9
49.4
53.1
51.1
54.1
57.1
53.5
51.2
54.1
51.3
59.8
54.7
52.4
55.3
55.3
50.6
49.4
54.4
52.4
49.4
56.3
51.7
55.3
52.3
53.1
53.4
52.5
50.0
67.4
52.3
50.0
50.6
53.6
38.4
52.5
46.2
55.2
54.5
52.4
52.4
49.4
51.8
47.4
55.6
46.3
50.6
49.4
38.0
97.0
63.4
48.7
51.2
48.1
53.7
41.6
45.3
45.6
50.0
48.1
48.1
46.8
47.4
