0
365
381
393
412
460
412
371
415
394
417
381
413
401
395
391
430
410
391
407
394
391
401
401
388
401
402
361
403
408
401
385
396
421
424
433
411
430
402
350
402
318
387
412
1111
450
375
408
409
398
401
418
376
411
403
385
385
411
398
408
369
416
396
419
390
414
419
410
406
410
371
416
398
411
424
405
398
408
415
450
642
414
409
321
399
398
386
404
392
416
350
380
386
410
404
408
415
404
407
406
397
413
404
436
366
407
399
400
421
415
443
400
393
415
404
1060
755
417
442
421
387
410
396
414
418
413
386
325
401
401
392
387
386
411
407
774
1723
407
397
413
393
413
374
405
428
398
394
403
416
444
411
406
401
416
407
390
397
402
397
424
391
410
390
418
400
403
408
718
401
372
404
397
315
414
385
410
414
401
396
407
400
401
412
379
409
390
292
1510
489
401
412
396
411
373
400
386
417
404
413
392
408
