0
673
709
726
765
843
758
682
766
724
764
704
763
740
726
719
794
754
715
754
726
722
742
737
713
734
743
668
743
754
748
704
735
779
774
799
764
796
736
649
735
585
721
761
2045
825
695
748
753
736
735
766
694
756
738
709
712
756
732
747
677
763
729
774
720
761
765
753
751
748
682
761
730
756
780
741
729
746
763
827
1175
760
751
588
728
736
709
744
720
760
646
690
706
755
740
747
757
745
740
741
730
761
738
798
678
755
727
736
769
765
811
737
726
758
741
1900
1378
764
808
773
705
752
723
758
764
756
712
595
733
735
719
708
712
749
748
1424
3182
744
727
760
723
757
683
745
783
727
719
740
759
815
751
744
742
759
746
721
729
741
728
776
717
749
718
765
727
742
741
1315
735
687
742
731
576
762
704
754
760
736
724
747
736
740
754
692
750
718
536
2760
906
740
752
730
747
685
738
703
761
737
754
717
746
