0
310
277
284
294
334
300
270
303
283
301
278
302
291
285
281
312
295
280
294
291
282
294
291
279
288
295
264
293
295
294
271
293
294
302
316
280
332
290
256
291
229
281
298
465
349
270
292
295
287
290
301
270
301
289
285
278
298
288
295
268
303
286
302
282
298
299
295
298
293
269
300
290
298
310
293
288
293
303
325
396
300
297
232
286
288
278
294
284
299
256
269
279
296
295
296
301
297
292
294
289
301
292
314
268
295
289
289
304
300
321
289
286
300
292
383
438
301
321
309
279
296
287
298
304
300
279
236
289
292
285
281
281
296
295
367
574
326
287
300
284
302
269
295
311
289
284
293
299
320
298
294
292
301
295
283
287
292
286
305
281
297
285
302
288
292
293
380
290
270
291
288
227
301
279
296
298
286
288
296
289
291
297
275
299
283
213
556
383
293
298
290
295
273
291
277
302
293
296
284
297
