0
794
713
726
755
853
764
689
773
722
766
709
771
743
726
715
795
752
714
755
743
722
752
743
712
733
750
673
746
753
749
691
750
749
765
806
722
849
740
653
742
583
717
761
1187
888
697
746
752
740
738
767
687
767
739
725
714
758
734
746
680
768
729
768
721
756
769
749
764
744
680
759
735
756
784
743
736
749
767
831
1005
762
753
588
725
732
709
744
721
757
650
682
708
756
746
750
762
753
738
744
733
763
737
793
682
753
730
732
770
759
811
733
735
759
739
968
1109
760
810
780
707
755
725
754
768
759
715
596
730
737
720
710
714
747
752
927
1451
825
729
757
725
763
685
746
787
730
721
740
757
810
754
744
740
761
745
723
725
751
729
779
718
750
721
764
723
746
740
960
733
683
737
735
574
760
704
755
763
725
730
750
733
736
753
695
756
715
539
1403
968
741
752
733
746
690
735
701
764
741
749
718
750
