100.0
48.8
50.0
50.6
54.5
50.0
54.7
46.8
50.0
51.7
50.0
48.2
51.9
53.1
54.2
47.0
64.4
52.4
48.7
51.2
53.2
55.1
53.0
49.4
49.4
48.1
48.1
56.6
63.0
66.7
60.0
51.9
52.4
48.2
44.7
53.1
51.2
46.8
51.2
47.4
54.2
50.0
52.4
48.8
53.0
49.4
51.8
47.6
46.2
50.6
46.3
56.1
49.4
44.4
49.4
50.0
90.6
46.4
51.9
51.2
52.4
52.9
47.0
50.6
47.4
51.8
49.3
49.4
54.7
52.5
46.2
48.2
50.6
53.8
85.1
43.7
94.9
56.6
54.1
49.4
51.8
49.4
50.0
45.7
51.2
50.0
46.7
51.9
47.5
48.8
48.7
48.7
49.4
46.9
65.6
54.2
50.6
49.4
53.5
51.2
52.9
51.2
51.2
48.1
51.9
75.8
72.8
49.3
55.4
45.6
42.5
58.3
39.7
50.0
45.2
52.9
55.4
48.8
55.4
58.2
52.4
51.9
52.9
50.6
63.3
44.6
46.9
50.6
52.4
61.2
91.1
50.6
48.7
50.6
51.2
52.6
48.7
46.7
50.0
51.2
48.1
52.4
43.6
52.4
50.6
50.0
47.6
54.2
80.6
48.7
44.3
52.4
51.7
48.7
51.8
46.6
48.1
48.1
48.8
45.0
50.0
46.9
50.0
50.6
44.2
41.3
54.1
49.4
49.4
44.3
52.9
47.4
46.2
49.4
67.4
86.3
51.9
49.4
50.0
53.6
54.2
49.4
46.2
53.1
50.0
43.0
51.3
48.8
55.3
43.8
51.2
50.0
48.8
49.4
51.8
50.0
52.9
50.6
49.4
47.0
54.2
