0
369
396
347
301
383
396
381
399
399
387
383
393
396
409
377
426
398
407
380
409
395
413
398
387
389
401
404
436
354
419
392
400
368
399
409
399
382
403
398
405
407
390
380
398
394
366
373
401
395
369
407
399
370
391
406
461
364
405
382
407
390
371
401
394
405
405
392
414
408
399
370
403
424
465
316
465
407
401
361
393
395
391
362
417
397
409
408
369
398
392
405
408
370
410
411
383
406
404
390
408
406
406
384
407
1052
751
413
408
401
394
431
354
409
400
406
403
378
451
338
394
408
388
398
443
370
376
400
399
724
1397
398
397
404
373
442
397
303
376
380
402
413
367
411
401
400
366
432
449
400
370
417
395
376
400
406
407
395
389
374
400
387
410
403
343
356
409
384
408
372
406
399
399
396
703
1229
393
403
376
410
412
402
378
413
411
373
395
386
408
373
413
407
395
400
413
375
409
405
412
386
426
