0
681
732
634
555
714
731
705
734
733
717
702
725
733
761
699
786
736
754
709
753
729
767
731
714
714
742
748
802
672
775
724
738
678
739
757
732
698
743
732
747
749
724
699
739
720
678
692
734
723
680
751
733
684
724
751
851
673
742
705
747
718
683
730
727
744
744
715
762
755
728
685
728
784
857
582
851
750
738
669
723
730
712
665
769
726
740
741
682
725
724
749
751
682
757
758
703
745
738
712
745
746
743
703
748
1932
1399
755
747
726
719
789
649
751
729
756
742
693
823
619
725
747
716
733
804
680
690
738
726
1328
2547
724
728
736
686
809
729
554
694
699
734
754
674
747
736
736
674
798
825
722
681
768
720
693
728
740
743
724
718
685
726
709
754
740
626
649
749
705
749
688
744
729
730
730
1292
2284
720
734
692
751
751
735
696
753
757
681
724
703
745
685
756
747
722
734
758
692
745
741
755
705
779
