0
265
287
245
225
280
285
277
290
287
281
275
285
287
299
274
307
288
294
278
297
286
303
286
278
280
289
293
277
300
305
286
291
266
291
297
288
273
294
287
295
294
284
278
291
283
265
269
288
284
264
300
288
268
282
296
334
263
291
276
292
282
270
288
284
291
293
281
302
295
286
271
288
306
335
230
337
294
289
261
283
289
281
261
304
286
291
293
270
287
284
295
296
267
296
300
278
293
293
282
296
294
294
277
297
404
380
298
295
286
283
312
259
295
288
295
289
275
317
254
288
298
285
289
321
269
272
291
286
347
534
292
287
290
271
322
286
219
275
277
290
298
266
294
292
292
266
314
328
286
274
303
285
273
287
292
295
286
284
270
286
282
296
291
246
256
296
278
293
271
293
289
290
287
390
482
282
288
273
296
297
290
277
299
299
268
288
279
296
269
298
297
286
290
298
273
295
293
300
278
308
