0
680
734
624
574
714
728
707
740
733
719
701
726
739
761
698
789
748
757
710
756
728
771
729
713
714
737
748
705
773
779
734
742
678
743
756
733
697
750
730
750
748
723
708
740
721
678
691
734
724
685
765
734
683
725
753
853
669
740
707
743
720
687
732
723
743
746
715
768
763
729
687
731
775
861
585
860
747
733
671
719
732
713
668
770
725
737
742
684
726
721
748
751
684
755
759
703
742
740
716
748
744
744
699
750
1021
962
754
746
723
722
789
654
745
728
757
739
695
802
650
728
752
721
738
811
685
687
742
723
876
1349
738
734
732
685
815
730
556
694
700
733
754
673
744
738
738
673
793
829
724
693
767
721
691
725
740
745
723
717
684
722
713
761
736
623
647
749
704
754
693
742
731
734
726
986
1217
720
735
691
749
750
733
701
750
755
677
727
704
748
680
753
750
724
733
765
691
746
741
758
703
779
