100.0
2.2
5.2
3.2
6.3
2.1
5.3
1.1
6.4
10.3
4.3
3.2
4.3
5.2
6.5
1.1
5.3
4.2
6.4
9.4
5.3
7.3
4.3
6.2
8.3
5.3
3.2
3.2
5.3
3.2
3.2
4.3
5.3
4.2
5.2
4.3
2.2
3.2
19.3
3.2
7.2
73.0
96.9
98.0
100.0
100.0
100.0
100.0
100.0
100.0
100.0
100.0
100.0
100.0
100.0
100.0
99.0
100.0
100.0
100.0
100.0
100.0
100.0
100.0
100.0
98.1
100.0
100.0
100.0
100.0
100.0
100.0
100.0
100.0
100.0
100.0
100.0
100.0
100.0
100.0
99.0
100.0
100.0
99.0
100.0
99.0
100.0
99.0
100.0
94.1
100.0
100.0
98.0
100.0
99.0
100.0
100.0
98.0
100.0
99.0
100.0
100.0
100.0
99.0
100.0
99.0
100.0
100.0
98.1
100.0
100.0
100.0
100.0
100.0
99.0
100.0
100.0
100.0
100.0
100.0
99.0
100.0
99.0
100.0
100.0
100.0
100.0
100.0
100.0
98.0
100.0
100.0
100.0
100.0
100.0
100.0
100.0
98.0
100.0
100.0
95.0
100.0
100.0
98.0
100.0
100.0
100.0
98.0
100.0
100.0
100.0
99.0
100.0
100.0
100.0
100.0
99.0
100.0
98.0
100.0
100.0
100.0
100.0
100.0
99.0
99.0
100.0
100.0
96.0
100.0
100.0
100.0
97.0
100.0
99.0
100.0
100.0
100.0
100.0
99.0
100.0
100.0
100.0
100.0
100.0
100.0
100.0
100.0
98.0
100.0
99.0
100.0
99.0
100.0
99.0
100.0
96.9
100.0
100.0
100.0
100.0
