0
16
16
16
16
16
16
16
17
16
16
16
16
17
16
16
16
16
18
16
15
17
17
16
16
16
16
16
16
17
15
16
16
16
16
17
16
16
17
16
19
188
290
302
254
270
372
252
227
367
273
245
460
428
315
300
308
344
298
365
272
323
253
349
331
298
289
342
315
371
262
372
307
336
293
335
276
363
328
348
278
257
345
263
340
260
379
277
366
267
384
565
277
350
293
349
313
329
316
279
309
329
296
294
317
259
345
251
259
372
267
320
227
307
207
299
231
263
314
347
275
359
267
319
342
253
307
292
329
241
399
304
577
303
244
341
346
279
310
336
253
328
275
323
355
250
349
243
320
581
281
348
272
386
302
341
283
368
239
347
262
282
346
278
326
285
335
293
290
332
334
343
254
322
269
381
245
406
386
264
365
348
247
363
304
269
374
318
716
275
255
360
314
345
287
349
249
342
261
329
281
