0
31
31
33
31
31
31
31
37
31
31
31
30
34
31
31
32
32
45
31
29
31
32
34
31
33
31
31
32
32
32
34
31
33
31
37
31
31
37
31
38
357
538
561
454
516
692
466
418
678
513
458
855
789
580
563
565
635
566
664
498
605
466
651
610
556
557
631
586
684
498
697
570
603
536
616
514
679
604
642
517
474
634
493
636
480
700
500
680
494
710
1036
530
645
527
643
583
614
585
514
576
601
545
559
597
484
651
472
470
697
501
591
421
587
395
560
425
501
578
642
518
682
492
597
619
483
579
539
606
447
735
569
1065
573
460
634
650
515
573
605
468
612
513
571
660
467
645
454
588
1070
525
635
501
709
553
626
519
679
444
617
481
520
635
510
597
520
631
538
532
611
621
630
471
589
498
704
454
751
705
484
669
641
460
674
572
509
686
581
1310
517
469
669
563
640
526
646
456
628
478
603
526
