0
11
11
12
12
12
12
11
12
12
12
12
11
12
12
11
12
11
13
12
11
12
12
12
12
12
12
11
12
12
11
12
12
12
11
13
12
11
12
12
12
142
171
186
182
174
151
199
168
173
216
150
162
179
184
157
192
174
188
179
217
200
209
176
194
214
201
191
197
171
199
174
196
190
201
184
214
167
203
179
198
193
176
198
168
194
171
205
272
190
166
206
190
195
192
184
183
170
184
195
205
190
145
186
138
201
180
202
196
181
189
152
149
167
169
172
184
177
177
169
208
176
219
195
187
145
153
227
174
191
171
196
168
166
199
176
172
183
170
175
182
191
202
196
188
201
184
201
181
191
189
173
200
177
178
175
204
177
204
191
198
203
189
211
194
208
191
260
225
185
188
174
217
182
200
179
181
197
201
197
191
192
191
167
199
207
188
192
197
201
206
176
200
173
200
190
206
180
208
178
200
