0
32
31
34
32
34
32
30
40
36
33
33
30
35
32
31
37
31
47
35
28
33
32
36
32
37
33
30
39
36
33
36
33
35
30
46
32
30
44
35
37
365
435
475
459
454
382
504
434
442
548
384
409
455
462
402
487
438
494
453
532
507
527
449
487
539
508
480
499
436
511
447
493
475
513
464
540
430
510
454
497
487
444
498
428
490
431
517
684
480
420
518
481
491
486
463
459
438
463
497
516
477
368
470
354
509
452
514
497
455
478
381
379
424
426
437
463
451
447
423
526
449
551
492
469
366
394
573
437
484
433
498
423
422
503
445
442
462
427
440
461
483
507
496
473
507
472
512
454
481
473
437
502
446
446
437
520
447
511
479
494
513
474
530
488
519
491
657
561
466
471
437
541
457
498
447
459
495
505
492
479
480
479
418
497
527
473
479
496
500
516
441
502
433
500
482
516
454
522
444
511
