100.0
74.4
53.7
42.3
50.6
47.6
44.9
50.6
51.9
45.1
48.1
46.9
55.6
51.2
49.4
48.2
53.0
48.8
46.5
50.6
53.7
50.6
47.4
51.2
54.3
48.1
50.6
51.2
45.0
50.6
48.7
50.6
46.1
49.4
51.9
51.7
50.0
49.4
52.5
52.4
46.3
51.8
50.0
51.2
50.6
54.0
43.4
55.4
54.5
50.6
45.9
54.2
48.7
52.4
48.1
53.6
47.6
53.7
51.3
51.9
53.0
51.2
50.0
52.3
53.9
55.2
50.0
34.8
2.1
4.2
4.1
5.2
3.1
5.3
3.0
4.3
5.0
7.4
5.2
6.1
5.0
4.2
3.0
6.2
3.1
3.3
4.0
4.3
2.1
8.1
4.1
6.3
3.0
6.2
5.1
5.2
3.1
6.3
4.0
6.2
5.0
4.2
4.3
4.2
2.1
4.1
3.1
5.2
3.2
11.5
2.1
10.4
4.2
3.2
4.2
5.3
6.2
4.1
2.1
3.1
1.1
5.2
4.1
5.3
3.1
4.2
1.1
2.1
2.1
2.1
2.0
1.1
4.2
6.2
2.1
4.2
2.1
4.1
5.1
19.5
5.1
3.2
3.2
4.2
6.1
5.2
5.1
5.2
4.2
5.2
4.1
4.2
5.1
5.1
5.1
5.2
3.1
3.1
4.2
9.6
4.2
3.1
4.1
4.1
4.2
4.0
4.1
5.3
2.1
6.2
5.1
5.2
3.1
2.1
4.2
2.1
4.1
4.1
5.1
2.1
3.1
3.1
4.1
4.1
3.1
2.1
6.1
2.1
4.2
2.1
3.2
4.1
5.3
3.0
4.2
3.1
3.2
3.1
4.3
3.1
4.3
