0
407
371
380
377
364
351
381
390
358
383
363
350
372
389
370
399
383
345
401
401
386
371
391
403
360
401
385
372
387
345
378
384
386
393
364
378
382
406
382
356
371
393
378
385
384
314
393
389
391
359
384
393
387
381
391
363
395
403
396
403
359
381
364
388
389
385
241
0
0
0
0
0
0
0
0
0
1
0
0
0
0
0
0
0
0
0
0
0
0
0
0
0
0
0
0
0
0
0
0
0
0
0
0
0
0
0
0
0
0
0
0
0
0
0
0
0
0
0
0
0
0
0
0
0
0
0
0
0
0
0
0
0
0
0
0
0
0
0
0
0
0
0
0
0
0
0
0
0
0
0
0
0
0
0
0
0
0
0
0
0
0
0
0
0
0
0
0
0
0
0
0
0
0
0
0
0
0
0
0
0
0
0
0
0
0
0
0
0
0
0
0
0
0
0
0
0
0
0
0
0
