0
754
679
704
692
673
650
706
717
656
708
670
647
688
721
679
738
706
634
740
737
712
686
721
745
660
739
709
687
715
641
698
709
714
729
675
694
703
745
698
658
683
723
695
713
707
581
724
713
718
661
706
726
711
702
716
665
731
738
726
742
663
705
674
714
716
709
444
0
0
1
0
0
0
0
0
0
12
7
3
0
0
0
0
0
0
1
0
0
1
0
0
1
0
0
0
0
0
0
1
0
0
0
0
0
0
0
0
0
1
0
0
1
0
1
0
0
0
0
0
0
0
0
0
0
1
0
0
0
0
1
0
1
0
0
0
0
0
1
0
0
0
0
0
0
0
0
0
1
0
0
0
0
0
0
0
0
0
0
1
0
0
0
0
1
0
0
0
1
0
0
0
0
1
0
0
1
0
1
0
0
1
0
1
0
0
0
0
1
0
0
1
0
0
0
0
0
0
0
0
0
