0
292
280
276
270
264
253
277
282
258
278
262
250
273
283
266
289
276
250
286
293
281
269
283
290
259
288
277
270
279
250
273
278
278
289
264
271
278
293
274
258
267
284
273
280
278
225
284
283
282
258
275
282
278
276
281
263
287
289
285
293
258
279
264
279
281
279
176
0
0
0
0
0
0
0
0
0
1
0
0
0
0
0
0
0
0
0
0
0
0
0
0
0
0
0
0
0
0
0
0
0
0
0
0
0
0
0
0
0
0
0
0
0
0
0
0
0
0
0
0
0
0
0
0
0
0
0
0
0
0
0
0
0
0
0
0
0
0
0
0
0
0
0
0
0
0
0
0
0
0
0
0
0
0
0
0
0
0
0
0
0
0
0
0
0
0
0
0
0
0
0
0
0
0
0
0
0
0
0
0
0
0
0
0
0
0
0
0
0
0
0
0
0
0
0
0
0
0
0
0
0
