0
749
718
708
691
673
651
707
719
659
708
670
638
697
721
678
743
704
636
730
747
718
686
721
740
659
738
706
688
711
638
697
708
708
736
672
691
707
746
697
658
681
722
695
714
707
574
724
713
717
664
703
727
711
704
715
670
737
736
727
746
658
710
672
711
715
710
448
0
0
1
0
0
0
0
0
0
15
8
2
0
0
0
0
0
0
0
0
0
0
0
0
0
0
0
0
0
0
0
0
0
0
0
0
0
0
0
0
0
1
0
0
0
0
1
0
0
0
0
0
0
0
0
0
0
0
0
0
0
0
0
0
0
0
0
0
0
0
0
0
0
0
0
0
0
0
0
0
0
0
0
0
0
0
0
0
0
0
0
1
0
0
0
0
1
0
0
0
0
0
0
0
0
0
0
0
0
0
1
0
0
1
0
0
0
0
0
0
1
0
0
0
0
0
0
0
0
0
0
0
0
