0.0
1.1
3.2
5.2
5.3
1.1
3.2
4.2
4.3
6.3
5.3
2.2
4.3
2.2
5.4
3.2
6.3
2.2
2.2
5.3
3.2
2.1
3.2
0.0
4.3
4.3
3.2
3.2
1.1
5.2
16.9
2.1
5.3
2.2
6.3
3.2
3.2
1.1
2.2
6.2
6.2
3.2
3.3
4.2
6.3
5.2
3.2
2.1
4.3
5.3
3.2
5.2
5.3
3.2
8.3
4.3
4.3
2.2
7.2
2.2
3.2
4.3
4.3
3.2
8.3
4.3
5.3
4.2
7.4
8.5
18.9
7.2
6.3
6.2
5.3
5.3
5.4
3.2
4.3
4.3
5.3
5.2
3.3
4.2
7.4
4.2
3.3
5.2
5.3
4.3
6.4
2.2
6.2
3.2
5.4
6.4
4.3
3.2
5.3
3.2
5.3
5.2
6.4
5.3
4.3
3.2
7.4
2.2
8.3
4.2
6.4
18.4
5.3
1.1
8.4
5.2
6.5
3.2
10.8
4.2
5.4
5.2
5.3
3.3
7.4
6.2
6.5
5.2
6.4
18.0
5.3
3.2
5.4
7.2
5.4
4.3
3.2
3.2
6.5
2.2
6.2
6.2
6.2
5.3
5.3
4.2
6.4
2.1
7.4
3.2
3.3
5.3
8.5
5.3
6.2
6.2
4.3
4.2
5.3
4.2
4.3
4.3
7.3
6.3
4.3
5.3
7.3
5.3
6.4
18.0
6.5
7.2
6.3
5.4
3.2
6.4
5.3
4.4
7.4
5.3
3.3
7.2
5.3
4.3
6.5
6.2
7.8
8.2
7.8
38.6
8.8
6.3
9.5
7.6
12.9
5.3
6.7
7.5
8.7
6.3
12.4
