0
16
16
16
17
16
16
16
16
16
16
16
16
17
16
17
16
16
16
18
16
16
16
16
16
16
16
16
16
17
17
15
18
16
16
16
17
16
15
17
16
16
16
16
16
17
16
17
15
18
16
17
16
16
16
17
16
16
16
17
16
17
16
17
17
17
16
15
17
18
16
16
14
16
17
16
17
16
16
16
17
16
16
16
16
15
17
16
17
17
17
17
15
17
16
17
16
14
18
17
15
17
16
17
16
17
16
16
16
14
19
16
16
17
17
16
17
16
17
16
17
16
13
18
16
16
17
17
16
16
17
16
16
16
15
16
16
16
18
16
16
17
17
16
17
16
17
16
18
15
17
16
17
16
16
16
17
16
17
16
16
16
16
17
16
16
16
16
16
16
17
17
16
18
14
18
13
18
17
16
16
17
16
16
17
17
15
17
16
17
17
15
17
16
15
16
16
16
16
14
18
