0
31
30
31
34
31
31
31
31
33
31
31
30
33
32
32
31
32
30
46
31
32
31
31
33
31
31
31
31
37
31
30
35
31
34
31
32
30
29
35
31
32
31
31
33
32
30
32
30
39
30
32
31
31
32
32
31
31
31
41
30
32
31
32
36
33
31
29
32
42
30
31
27
33
34
30
34
31
31
37
32
31
31
31
34
29
33
30
33
34
32
31
29
32
33
31
30
27
34
34
33
33
31
35
33
34
31
31
31
26
42
30
32
34
33
33
32
31
39
30
33
31
26
36
31
31
32
32
34
30
32
31
31
33
29
31
31
30
42
31
31
32
32
34
33
30
32
30
42
29
33
31
33
33
31
32
32
31
45
31
31
31
31
35
31
31
31
31
33
31
32
32
31
35
26
35
25
36
34
32
31
32
31
32
32
32
30
33
35
32
32
28
34
33
29
31
31
31
33
27
34
