0
11
11
12
12
11
12
11
11
12
12
11
11
12
12
12
12
11
11
14
12
11
12
11
12
12
11
11
11
12
12
10
13
11
12
12
12
11
11
13
12
12
12
11
12
12
12
12
11
13
11
12
12
11
11
12
12
11
11
12
11
12
12
12
12
12
11
11
12
13
11
12
10
12
12
11
12
12
11
12
12
12
12
11
12
11
12
11
12
12
12
12
11
12
12
12
11
10
13
12
12
12
12
12
11
12
12
12
11
10
14
11
12
12
12
12
12
12
13
11
12
12
10
13
12
12
12
12
12
12
12
12
11
12
10
13
12
11
13
12
12
12
12
13
12
11
12
11
13
11
13
12
12
12
12
12
12
11
13
11
12
12
12
12
12
12
12
12
12
11
12
12
12
13
10
13
9
13
13
12
11
12
12
12
12
12
11
12
12
12
12
11
13
12
11
13
12
12
12
10
13
