0
31
32
32
39
30
32
30
31
42
33
31
33
32
38
32
33
31
29
54
32
31
32
31
34
35
31
30
30
41
36
28
37
31
35
35
33
29
28
41
36
32
34
31
35
34
34
31
29
44
32
34
34
31
32
35
36
31
30
44
34
34
35
32
35
35
34
30
31
43
32
32
29
33
33
32
34
33
30
38
32
32
34
31
35
29
34
31
33
36
33
32
31
32
35
31
33
26
34
38
37
36
33
37
34
33
33
34
31
28
47
30
37
35
33
35
35
33
43
35
35
35
27
36
33
32
35
32
41
36
32
37
30
37
30
37
32
30
48
34
33
36
31
39
34
34
34
30
47
31
36
36
33
36
32
37
32
31
48
30
32
33
33
36
31
31
32
32
37
30
32
34
33
38
26
34
27
37
40
33
30
36
32
37
32
33
30
34
42
32
31
30
36
38
29
34
31
32
40
27
33
