100.0
41.1
43.4
53.7
51.2
46.2
49.4
48.8
85.9
45.5
57.1
59.0
48.1
57.0
48.9
37.0
51.6
41.6
44.3
39.1
45.5
38.9
52.9
53.7
54.4
44.8
61.4
42.5
46.5
38.6
38.1
48.8
46.3
49.4
48.8
57.1
48.2
53.1
51.1
51.2
50.0
58.8
50.6
51.8
50.6
51.8
59.3
52.4
54.3
51.3
50.6
54.4
52.9
49.4
54.9
55.1
59.0
55.8
46.7
48.1
50.6
44.7
51.2
58.0
44.4
57.1
48.1
48.1
48.0
53.1
48.8
51.3
43.2
45.0
51.9
77.2
51.3
54.9
54.9
53.2
46.9
52.0
48.8
57.8
52.5
53.1
50.7
45.5
51.2
51.2
54.8
50.0
45.9
51.9
50.6
53.1
50.6
50.0
45.3
53.7
46.1
56.1
45.0
56.6
50.0
54.9
48.6
48.8
48.7
46.2
45.5
52.5
46.2
57.3
50.0
47.5
51.9
52.4
41.6
52.6
44.9
53.0
46.0
46.5
57.3
51.8
55.7
45.7
50.0
47.4
48.8
44.4
51.8
56.1
48.8
53.2
51.9
48.2
51.2
56.1
52.5
47.4
46.2
51.8
42.1
51.8
46.2
58.4
48.7
44.2
52.9
45.1
66.7
41.9
51.2
42.2
51.8
51.2
49.4
46.1
46.3
50.0
45.6
48.7
51.3
45.0
51.3
51.2
48.1
43.2
51.3
43.2
50.0
42.7
52.5
42.7
54.3
43.7
51.8
45.8
54.2
44.7
47.0
43.4
47.6
47.5
51.3
46.3
51.9
43.0
52.0
48.2
48.1
48.8
47.6
45.5
50.0
45.6
53.0
47.4
51.2
