0
363
360
384
356
405
207
322
367
228
329
372
356
269
192
250
233
216
230
211
249
182
246
251
279
261
319
232
244
206
214
322
314
354
345
384
366
394
359
344
368
410
360
342
364
319
406
353
401
335
331
396
338
351
394
413
443
412
397
369
406
320
381
413
367
408
393
350
381
403
386
399
380
363
479
837
406
399
412
398
375
412
377
414
370
403
406
382
394
402
399
377
390
416
404
407
402
393
396
423
397
415
371
407
374
413
406
380
388
383
395
411
387
432
401
384
395
406
370
421
363
403
331
406
366
364
430
377
387
389
388
369
399
386
327
395
401
362
377
408
387
409
377
406
375
409
375
579
396
394
404
412
433
390
398
357
385
401
407
405
375
396
380
395
405
372
389
401
403
366
405
365
407
359
402
359
410
366
398
368
407
399
374
388
382
395
399
374
406
372
419
391
385
390
382
391
385
381
379
395
400
