0
672
664
711
657
707
386
591
679
396
606
689
655
492
356
394
429
398
425
387
462
337
457
462
518
478
608
428
454
390
394
588
578
653
635
709
674
729
665
631
670
754
666
627
680
588
743
654
743
616
614
727
623
647
728
765
815
755
732
679
749
584
708
761
670
751
720
641
699
740
713
735
701
667
864
1537
748
736
755
735
694
750
693
780
687
738
743
701
725
738
733
690
716
763
740
751
738
722
726
778
731
764
681
746
680
759
740
696
707
699
722
750
712
794
740
704
722
745
679
770
665
739
614
744
672
676
785
700
712
711
707
675
736
714
605
730
735
667
694
754
714
749
694
756
687
768
689
1059
734
720
739
754
797
712
729
656
709
734
746
745
682
726
694
720
742
679
717
732
740
667
738
670
745
652
735
668
751
666
732
680
737
726
687
717
692
730
729
685
747
684
766
722
705
719
698
711
710
700
699
729
734
