0
265
259
276
257
267
175
230
263
152
253
267
257
190
144
155
188
155
166
151
180
131
174
184
201
188
239
156
188
148
154
230
224
258
252
279
265
285
259
247
262
298
261
245
269
228
300
256
285
244
243
281
248
252
285
301
314
304
286
267
289
234
278
297
263
293
285
256
274
290
280
291
276
262
295
435
295
290
297
289
270
297
272
302
268
290
294
275
286
290
289
272
281
300
292
299
291
284
287
306
288
301
269
295
267
305
292
274
281
275
284
299
280
314
292
278
287
293
269
305
264
292
240
294
265
267
309
273
280
284
279
269
293
280
238
288
289
265
276
296
283
295
276
299
271
302
270
344
289
284
290
298
317
284
289
260
280
292
297
296
269
286
275
286
294
268
282
288
292
264
290
265
295
260
290
264
297
265
287
270
291
286
271
284
273
286
287
269
295
268
303
285
280
286
276
279
280
276
276
288
292
