0
676
663
708
656
677
448
588
676
387
646
687
655
484
372
390
481
395
430
385
464
334
449
474
516
476
608
397
489
390
394
587
572
657
642
711
675
726
659
629
668
760
666
623
684
580
764
652
727
627
618
720
632
649
725
766
800
774
735
686
743
597
709
763
669
745
720
647
698
738
714
742
703
667
757
1107
750
739
757
736
687
755
697
785
688
736
747
700
725
735
737
687
718
760
740
757
738
728
726
775
729
767
681
745
677
777
738
695
711
698
719
755
708
793
740
703
719
741
681
772
668
737
621
744
672
676
782
698
710
717
706
680
741
715
604
733
731
671
699
758
719
750
698
756
686
766
687
869
739
719
733
754
802
717
731
658
708
737
750
749
681
724
696
722
743
677
721
730
739
667
739
670
745
658
733
668
751
669
735
683
734
722
691
718
691
735
727
684
750
684
772
728
707
724
697
711
715
700
699
729
737
