0.0
3.2
2.2
6.3
2.1
6.4
6.2
5.3
5.3
6.2
3.2
3.2
4.2
3.2
5.3
8.4
4.2
6.2
5.2
3.2
14.3
5.3
4.3
3.3
5.3
6.2
4.3
6.5
6.2
6.3
5.3
5.3
5.2
4.3
6.2
6.2
5.2
4.2
7.2
4.2
6.3
93.1
100.0
100.0
100.0
100.0
100.0
100.0
100.0
84.0
56.5
44.2
61.5
66.7
18.1
7.3
2.2
8.6
25.6
46.7
52.2
52.9
17.7
6.2
5.2
4.3
6.2
6.2
3.2
8.2
5.3
15.1
5.3
4.2
5.2
6.3
3.2
4.3
4.2
5.3
4.3
4.3
4.2
7.2
3.2
5.4
4.2
5.3
4.2
4.3
5.2
18.0
8.2
6.2
4.2
4.3
4.2
6.2
2.2
6.2
4.3
3.2
5.3
7.1
3.2
5.3
4.2
3.2
6.3
4.3
5.3
2.2
5.3
6.2
5.3
2.2
3.2
4.2
6.2
3.3
4.2
5.2
4.3
4.2
6.2
5.3
3.2
7.3
2.2
5.3
5.3
4.3
18.0
4.3
4.3
5.3
3.2
3.2
6.2
4.3
3.2
3.2
6.2
5.3
7.2
3.2
1.1
2.2
3.2
6.3
19.8
2.2
5.3
6.2
4.3
3.2
5.2
3.2
3.2
4.3
4.3
5.2
5.3
5.2
7.3
4.2
4.3
3.2
1.1
5.3
23.1
1.1
3.2
6.3
5.3
4.3
3.2
2.2
3.2
5.3
4.2
3.2
2.2
7.3
4.3
3.2
4.2
3.2
5.4
6.3
19.5
2.2
2.2
5.2
5.3
4.3
3.2
5.3
1.1
6.3
3.2
