0
16
17
16
16
17
16
16
16
16
17
16
16
17
16
16
16
16
16
16
16
16
16
16
16
16
16
16
17
17
18
16
16
16
17
16
17
16
16
16
17
187
235
317
261
337
206
318
203
181
142
135
154
167
56
17
15
38
91
137
155
172
49
17
12
20
16
16
16
17
17
16
17
17
16
16
17
17
16
18
16
16
16
17
16
16
16
16
16
16
16
16
17
16
16
16
16
16
16
17
17
16
17
17
16
17
16
16
16
17
17
16
17
17
16
16
17
16
16
17
16
16
16
16
16
16
16
16
16
18
17
16
16
16
16
16
17
16
17
16
16
17
16
17
16
17
16
16
16
17
16
16
16
16
16
16
16
16
16
17
16
16
16
16
17
16
16
16
16
17
17
16
17
16
16
17
16
17
16
17
16
16
16
16
16
16
16
16
16
17
16
16
16
16
16
17
17
17
16
17
16
