0
31
32
31
30
34
32
31
31
31
45
31
30
32
31
32
31
31
31
31
33
31
31
31
31
33
31
31
31
33
39
30
29
30
33
32
32
31
31
31
38
349
435
596
497
627
383
598
377
347
263
251
286
310
112
33
30
66
170
256
287
318
91
32
25
39
31
31
31
38
32
31
32
32
32
30
32
32
30
42
32
31
31
32
33
31
31
31
31
33
30
30
33
31
33
31
31
31
31
45
32
31
32
32
32
32
31
30
31
41
32
30
32
32
34
31
32
31
31
37
31
31
31
31
33
31
31
31
31
39
32
31
31
31
33
31
32
30
32
33
30
32
30
32
32
32
31
31
30
38
31
31
32
31
33
31
31
31
31
38
31
31
31
31
34
31
30
32
31
37
32
30
32
31
32
32
31
32
31
37
31
31
31
31
33
31
31
31
31
46
31
31
31
31
33
32
31
32
30
37
30
