0
12
12
12
11
12
11
12
12
11
13
11
11
12
11
12
12
12
11
11
12
12
12
12
11
12
12
12
12
12
12
13
10
11
12
11
12
12
12
11
13
106
154
169
165
163
186
169
172
159
108
98
113
122
43
12
11
24
68
101
112
125
36
12
9
14
12
11
11
12
12
11
12
12
12
11
12
12
11
13
12
11
11
12
12
11
12
11
11
12
11
11
12
11
12
11
12
11
11
13
12
11
12
12
11
12
11
11
11
13
12
11
12
11
12
11
12
11
11
12
12
11
12
11
11
11
12
11
11
13
12
11
12
11
12
11
12
11
12
12
11
12
11
12
11
12
12
11
11
13
12
11
12
11
12
11
12
12
11
13
12
11
13
12
12
11
12
12
12
12
12
11
12
11
11
12
12
12
12
13
12
11
12
12
12
11
12
11
12
13
12
12
12
12
12
12
12
12
11
12
11
