0
37
31
36
30
39
31
37
32
30
52
31
32
34
30
36
34
33
31
31
38
35
33
32
31
35
34
32
32
34
42
39
26
35
33
34
32
36
32
30
41
273
393
430
421
413
472
433
438
411
276
248
291
308
119
32
30
62
174
264
289
316
96
31
28
37
35
31
31
43
36
31
35
32
35
30
34
31
31
49
35
31
34
33
37
30
35
30
31
39
34
30
36
31
34
31
35
30
31
49
32
31
32
31
34
34
31
30
30
45
36
29
34
30
34
33
34
31
30
40
36
31
34
30
33
31
36
30
31
42
36
32
33
30
34
31
36
29
31
39
33
33
34
31
34
31
36
31
29
45
34
31
37
30
36
30
35
32
30
44
36
30
38
31
36
31
34
33
31
43
37
29
36
30
34
33
34
32
31
44
35
30
34
31
37
30
35
30
32
52
32
32
32
31
35
33
35
32
30
40
32
