0.0
3.1
5.2
3.2
4.3
4.1
5.3
4.1
3.1
3.1
4.1
3.2
4.2
2.2
6.2
2.1
4.1
3.1
3.2
3.1
4.1
3.1
6.2
4.1
2.2
2.1
5.2
5.1
2.2
3.1
4.2
2.1
5.2
3.1
4.2
3.1
7.4
3.1
4.1
3.1
4.2
4.2
1.1
2.2
2.1
3.1
5.2
2.0
2.1
2.1
4.1
1.0
3.1
3.1
3.2
2.1
2.1
3.1
4.2
5.2
3.1
4.1
3.1
4.1
4.1
5.2
5.3
3.2
5.2
3.1
5.1
3.2
3.2
4.1
6.3
6.0
3.1
4.1
10.4
5.2
4.2
3.1
4.1
2.1
6.2
4.1
5.1
3.2
2.1
3.1
5.1
4.1
3.2
7.0
2.1
3.2
4.1
4.2
1.1
4.1
3.2
4.1
3.1
4.1
4.1
4.2
3.1
2.1
17.5
4.1
3.1
4.1
5.2
5.2
4.2
3.1
4.2
4.1
5.2
4.1
5.1
3.1
4.2
3.1
6.1
4.1
2.1
4.1
5.2
2.1
6.1
3.2
5.2
3.1
4.1
2.1
3.2
4.1
4.1
5.1
4.1
3.0
6.1
2.1
5.1
5.1
3.2
3.1
4.2
4.1
3.2
3.1
2.0
3.1
4.1
2.1
2.1
2.1
4.1
2.1
2.1
2.1
4.2
3.1
5.1
2.1
4.1
2.1
2.1
3.1
3.1
2.1
2.1
2.1
6.0
4.2
4.2
3.2
3.2
3.1
4.1
4.1
2.1
4.1
5.1
3.1
4.2
4.1
5.2
2.1
2.1
2.1
5.2
3.2
5.2
4.1
3.2
3.1
19.8
5.1
10.5
