100.0
3.1
5.1
4.0
3.1
4.1
5.2
5.1
5.2
2.0
3.1
3.0
4.1
3.1
2.1
4.0
2.1
4.0
1.1
3.1
4.0
25.4
3.1
4.0
4.1
2.1
4.1
3.1
3.1
3.1
3.1
4.0
5.1
1.0
12.2
3.1
6.3
5.0
1.0
4.0
11.7
35.3
43.0
44.9
46.6
43.1
37.7
46.9
48.8
40.3
50.0
38.5
41.9
39.7
39.7
47.2
77.2
69.7
47.6
45.1
46.8
46.1
39.5
28.2
36.7
39.8
29.9
56.2
40.8
54.3
46.1
46.3
45.8
44.9
44.7
53.0
41.8
51.3
49.4
43.7
46.4
50.0
35.6
48.1
48.8
42.5
45.0
47.6
43.4
49.4
73.9
45.5
54.9
43.8
53.6
40.8
48.8
42.3
46.2
45.9
47.7
45.5
47.6
41.8
46.4
53.6
45.6
41.8
41.3
55.2
45.7
43.4
36.1
45.9
41.0
49.4
47.7
36.9
43.0
52.4
39.0
51.2
42.0
37.8
38.7
49.4
29.4
36.4
44.0
47.3
51.2
56.2
48.3
45.0
41.7
48.8
54.2
64.4
41.2
51.1
36.5
32.9
44.6
47.7
50.6
42.2
42.2
41.9
51.9
50.0
49.4
38.4
43.2
39.8
55.2
39.5
47.7
47.7
58.8
51.8
41.7
48.2
46.3
47.7
48.3
42.5
56.3
47.8
41.9
39.0
44.3
43.4
56.2
45.2
47.7
52.9
41.5
42.7
36.9
53.9
38.6
50.0
51.6
51.2
47.0
47.6
55.1
49.5
54.5
51.2
55.1
38.8
40.5
42.2
44.4
56.5
29.9
32.3
21.4
51.8
50.6
