0
17
16
17
16
16
17
16
17
16
16
16
16
16
16
16
17
15
17
16
16
16
16
16
16
16
16
16
16
16
17
17
16
17
16
17
16
16
16
16
61
221
293
334
361
330
252
273
327
318
318
294
333
327
310
344
340
368
312
316
312
342
287
147
239
273
252
280
311
328
344
285
307
279
320
339
310
296
332
304
295
350
300
341
334
316
325
336
286
341
573
327
373
323
347
317
327
329
327
346
310
302
336
303
354
343
334
312
313
350
312
265
246
264
275
319
305
204
286
330
277
308
297
191
282
274
184
190
280
265
318
342
317
311
286
322
368
277
256
240
228
195
261
314
325
277
283
243
347
311
301
238
278
264
352
215
302
286
290
295
266
282
301
287
300
274
309
299
267
263
271
273
350
274
276
319
277
288
242
340
270
312
333
327
333
319
366
301
346
329
346
241
279
206
235
265
152
150
136
261
329
