0
31
31
33
34
35
34
32
33
31
31
31
31
31
31
32
32
29
33
31
31
31
31
31
31
31
31
31
31
31
32
32
31
32
31
32
31
31
32
30
115
411
544
619
668
615
466
502
609
591
579
548
615
602
571
630
632
676
575
590
573
633
532
276
443
502
465
584
575
605
633
532
567
517
593
626
571
545
617
556
544
639
556
626
616
584
598
623
539
626
1052
602
692
594
633
582
605
590
603
638
576
555
619
560
653
634
617
574
578
649
574
490
452
486
512
590
559
378
529
606
512
571
548
353
521
504
338
370
526
490
583
627
587
577
528
594
677
509
473
446
420
362
484
581
608
508
520
444
638
571
552
436
510
484
647
396
563
529
576
542
488
521
545
528
548
505
577
546
490
485
493
502
640
502
510
591
508
526
441
624
493
581
610
609
610
585
673
555
635
607
643
444
507
382
432
487
282
276
251
486
607
