285
285
285
285
285
286
286
286
286
286
286
286
286
285
286
286
286
285
286
286
286
286
286
286
286
286
286
286
286
286
286
286
286
286
285
285
285
285
285
285
285
285
285
285
285
285
285
285
285
285
285
285
285
285
285
285
285
285
284
285
284
284
284
285
285
285
285
285
285
284
284
284
285
285
285
285
285
284
285
284
285
285
285
285
285
285
284
285
284
284
285
285
284
285
285
285
284
285
285
285
284
285
284
285
285
285
285
284
285
285
284
284
285
285
285
284
285
285
285
284
284
285
285
285
285
285
284
284
284
284
285
285
285
285
284
285
285
285
285
284
285
285
284
285
285
285
285
284
285
285
285
284
284
285
285
284
285
285
280
280
280
280
280
280
280
280
280
280
280
280
280
280
280
280
280
280
280
280
280
280
280
280
280
280
280
280
280
280
280
280
280
280
280
280
280
280
280
280
280
280
280
