0
11
12
12
11
12
12
11
12
11
11
11
11
11
11
11
12
10
12
11
11
11
11
11
12
11
11
11
11
11
11
12
11
12
11
12
11
11
11
11
41
158
209
242
259
238
180
195
235
230
224
215
240
236
224
247
249
264
225
229
223
246
208
109
171
195
168
238
222
236
247
206
221
199
230
244
222
214
240
216
213
249
217
249
238
228
231
247
209
244
329
249
267
235
248
227
236
229
240
248
226
217
240
221
257
250
239
223
226
257
224
191
176
189
198
232
217
148
206
238
199
222
213
136
205
197
131
143
202
195
236
246
231
223
205
232
263
198
187
174
163
139
189
225
237
201
203
172
253
222
217
171
200
190
253
155
217
206
221
212
191
203
215
207
214
197
223
215
193
190
193
196
251
197
199
233
199
206
173
245
191
232
240
242
240
228
265
220
248
237
250
176
198
148
163
197
109
108
92
192
240
