0
30
31
31
33
35
35
31
32
30
30
30
30
30
30
31
31
29
32
30
30
30
31
30
31
30
30
30
30
30
30
32
30
31
31
32
30
30
31
29
107
409
542
624
668
614
463
500
607
589
575
556
614
605
572
631
639
675
577
586
569
628
532
285
440
499
431
608
570
606
631
533
565
512
593
626
574
548
623
553
544
637
556
635
618
582
597
630
534
623
841
635
682
600
634
581
611
584
618
634
577
554
613
564
656
638
612
570
578
656
571
489
451
482
507
592
555
378
528
608
510
566
545
349
524
503
336
367
519
499
604
629
591
569
526
592
673
506
481
448
417
361
482
579
604
512
517
439
644
567
552
434
508
482
645
395
563
528
572
539
487
519
545
530
545
501
569
545
491
483
491
499
638
501
508
592
505
523
439
621
497
583
608
616
608
584
672
558
630
608
636
446
503
381
416
500
280
275
233
488
616
