66.7
4.3
5.3
5.3
4.2
10.2
5.3
6.5
6.4
9.5
8.3
7.5
13.8
4.3
6.3
5.4
10.1
6.5
8.2
5.3
5.3
5.3
3.2
7.3
7.2
6.5
6.2
7.3
11.2
8.6
7.3
7.3
6.3
5.3
7.2
5.3
7.4
6.4
4.3
7.4
29.9
95.0
96.0
100.0
100.0
100.0
100.0
100.0
100.0
100.0
100.0
100.0
95.7
100.0
100.0
100.0
100.0
100.0
100.0
100.0
100.0
100.0
100.0
100.0
100.0
100.0
100.0
100.0
100.0
100.0
96.9
100.0
100.0
100.0
100.0
100.0
100.0
99.0
100.0
100.0
100.0
100.0
100.0
100.0
100.0
100.0
100.0
80.0
77.6
75.5
100.0
32.0
4.4
6.2
4.3
8.2
6.5
2.2
7.4
2.2
5.3
6.2
5.4
6.2
4.3
7.4
9.4
5.3
5.4
4.3
6.5
6.3
5.3
6.3
8.2
4.3
19.8
5.3
9.5
3.2
5.5
9.3
12.8
8.5
4.3
8.4
5.3
5.4
6.3
2.2
7.4
3.2
7.2
4.2
5.3
5.3
7.2
4.3
4.3
3.2
3.3
4.3
6.2
5.2
4.3
3.2
4.3
6.3
9.2
1.1
3.2
6.2
5.3
5.3
5.3
3.2
6.3
19.6
5.3
4.2
2.2
4.3
5.4
5.2
4.3
4.2
4.3
3.2
3.2
4.3
7.4
2.2
4.3
7.3
2.2
3.2
3.3
5.2
4.3
1.1
3.2
4.2
5.4
4.2
3.2
5.3
5.3
4.2
3.3
1.1
3.2
3.3
5.2
4.3
3.3
3.2
4.3
7.8
9.9
5.3
1.1
