0
16
16
16
16
16
16
17
16
16
16
17
16
16
17
17
16
17
16
16
16
17
16
16
16
16
16
16
17
16
17
16
16
16
16
16
16
16
16
16
80
235
255
304
252
221
338
235
291
499
178
312
231
250
229
322
264
242
176
225
264
129
254
195
324
322
231
244
298
308
261
336
238
302
222
311
251
314
223
210
297
197
518
267
289
313
303
156
499
199
398
17
17
16
16
16
16
16
16
16
16
16
16
16
16
18
17
17
16
16
17
16
17
16
16
16
16
15
18
16
17
16
16
16
16
17
16
17
17
17
17
14
16
16
17
17
16
16
16
17
16
16
17
16
16
17
15
18
16
16
16
16
16
16
16
17
17
17
17
16
14
17
17
17
16
17
16
16
16
17
17
16
16
16
14
18
16
16
16
16
16
16
16
16
16
17
17
16
17
14
18
17
16
16
17
16
16
17
16
17
16
