0
31
33
32
31
31
31
37
31
32
31
39
33
31
32
32
31
38
30
30
31
32
33
31
31
31
31
36
32
30
32
31
33
31
31
31
32
33
31
31
152
437
465
556
473
423
629
443
540
929
330
567
431
462
424
597
502
448
254
426
487
260
472
366
604
596
445
456
528
575
483
624
455
568
416
575
471
553
414
377
550
365
957
494
540
581
562
299
922
375
778
32
32
31
31
33
31
31
31
31
34
31
31
31
31
42
33
34
30
31
34
30
32
31
31
33
31
29
33
30
34
30
31
31
31
41
31
32
33
32
34
27
32
30
32
34
31
33
32
33
33
30
34
31
31
41
29
35
31
31
33
31
33
31
31
45
32
36
32
30
29
33
32
32
31
39
30
31
31
32
35
32
31
32
27
36
31
31
31
31
33
31
31
31
31
33
32
30
32
26
36
32
31
31
32
36
31
33
31
31
33
