0
12
12
12
12
11
11
12
12
12
12
12
12
12
12
11
11
12
11
11
12
12
12
12
12
12
11
12
12
11
12
11
12
12
12
12
12
12
12
12
57
165
183
149
149
184
144
158
173
155
125
156
182
131
164
169
143
145
123
152
107
122
119
129
140
150
175
161
173
176
165
160
194
156
166
151
141
231
130
137
149
160
154
175
180
169
167
163
115
154
177
69
12
12
11
12
12
12
12
11
12
11
11
12
12
13
13
12
12
11
12
11
12
12
12
12
12
11
13
11
12
11
13
11
12
13
12
12
12
12
12
9
12
11
12
13
12
12
12
12
12
11
12
12
12
13
11
13
12
11
12
12
12
12
12
13
12
13
12
11
10
12
12
12
12
12
11
12
11
12
12
12
12
12
10
13
12
12
12
12
12
12
12
12
11
12
12
11
13
10
13
12
12
12
12
12
12
12
12
12
12
