0
32
35
33
33
30
31
38
37
32
32
39
32
32
35
31
31
38
32
31
32
31
33
32
33
31
30
37
34
31
33
30
33
31
35
32
31
35
32
33
149
421
469
379
383
472
367
409
442
397
321
397
465
333
420
431
369
371
308
392
274
312
301
331
355
382
455
410
438
448
418
408
490
397
422
384
367
584
330
347
379
411
390
443
456
434
426
413
293
391
456
177
32
31
30
37
35
31
34
30
36
29
30
33
31
45
34
35
32
30
36
30
33
31
31
38
33
31
36
29
37
28
37
30
31
46
32
34
34
32
38
25
35
29
32
41
34
35
36
32
34
33
39
32
31
44
36
39
38
30
34
34
39
32
32
45
37
40
32
32
30
33
36
36
32
38
30
40
30
34
35
32
34
35
27
37
31
35
34
33
33
31
34
34
30
37
36
30
41
27
37
32
32
35
34
41
33
32
37
35
34
