100.0
48.1
48.8
51.2
57.0
96.0
52.4
49.4
51.9
52.9
56.7
46.3
49.4
48.1
55.6
48.1
52.9
48.1
49.4
47.6
47.0
48.8
53.0
48.7
49.4
50.0
44.2
3.1
4.3
2.1
3.2
3.1
2.1
2.1
4.2
2.0
4.1
0.0
2.1
4.1
4.3
6.3
2.1
3.1
0.0
2.1
2.2
3.0
3.2
4.1
2.2
3.1
4.2
2.1
2.1
3.1
2.2
3.1
5.2
2.1
1.1
1.0
1.0
1.0
1.0
0.0
1.0
1.0
0.0
1.0
2.0
0.0
1.0
1.0
1.0
0.0
2.0
1.0
1.0
15.2
3.1
2.0
1.0
1.0
1.0
1.0
1.0
0.0
3.0
1.0
1.0
1.0
1.0
1.0
1.0
1.0
1.0
1.0
1.0
1.0
0.0
2.0
1.0
0.0
3.0
0.0
2.0
1.0
2.0
0.0
17.3
0.0
2.0
0.0
2.0
1.0
2.0
1.0
1.0
1.0
2.0
0.0
1.0
0.0
25.0
2.0
2.1
1.0
1.0
1.0
2.0
0.0
15.1
9.6
1.0
0.0
1.0
1.0
2.0
1.0
1.0
0.0
2.0
0.0
2.0
0.0
0.0
1.0
1.0
0.0
2.0
1.0
2.0
3.4
2.0
1.0
0.0
1.0
3.0
0.0
1.0
1.0
1.0
1.0
2.0
0.0
2.0
0.0
1.0
22.7
0.0
5.1
1.0
0.0
1.0
1.0
2.0
1.0
1.0
1.0
4.1
3.1
3.1
2.1
4.1
4.1
2.1
3.1
4.1
0.0
3.0
3.1
2.1
4.1
2.0
3.1
1.0
2.1
3.0
21.1
4.0
