100.0
54.8
46.9
51.2
50.0
54.9
52.3
52.3
55.7
50.0
55.2
48.7
51.7
57.5
72.8
49.4
46.4
53.2
47.5
51.7
47.6
40.0
54.3
47.0
45.0
52.9
55.8
52.9
55.8
53.5
54.3
48.8
53.1
50.0
59.3
50.6
57.6
50.6
41.8
51.7
47.6
48.2
45.7
51.2
41.6
54.0
49.4
48.1
44.2
85.2
61.1
39.5
45.5
49.4
66.7
47.0
55.6
40.2
51.7
55.3
52.9
51.2
53.0
49.4
53.0
52.7
53.1
46.5
45.1
47.0
55.7
47.2
48.8
56.3
48.1
65.5
48.1
48.8
52.3
58.1
47.1
44.6
47.5
34.8
55.3
52.5
42.1
52.9
53.1
76.0
45.7
45.9
52.9
38.8
54.1
48.1
48.8
52.4
47.1
44.0
41.5
51.2
52.3
48.8
56.0
56.0
52.4
43.4
46.6
51.9
51.9
41.0
53.4
50.6
45.0
51.8
57.1
48.3
60.2
54.8
52.3
46.2
54.9
50.5
57.3
53.7
53.5
56.0
57.5
48.8
50.6
51.6
48.8
50.6
56.5
59.1
46.4
55.7
47.0
55.7
42.7
52.9
50.6
51.2
46.2
54.5
56.3
52.9
34.1
54.0
49.4
49.4
47.1
53.6
54.5
54.8
52.9
44.4
50.6
49.4
50.0
70.3
51.2
48.8
50.0
51.2
43.4
57.6
39.5
50.0
47.6
51.8
44.8
53.6
48.2
47.1
58.4
52.4
35.6
4.0
1.0
0.0
3.0
1.1
2.0
3.1
2.1
3.0
3.1
3.1
3.1
1.0
3.0
5.4
25.3
40.0
36.0
45.3
43.9
43.7
49.5
