0
383
347
361
356
392
355
359
374
359
361
376
347
476
530
324
320
376
322
335
315
256
362
327
279
353
387
355
371
359
369
345
382
370
380
331
341
344
269
305
281
347
295
348
311
341
274
353
278
670
338
226
296
335
412
325
309
229
272
367
316
356
270
340
353
317
349
270
277
312
325
272
299
376
334
332
332
341
321
363
294
240
293
196
363
362
317
314
344
717
275
295
307
271
363
326
306
316
280
296
231
337
338
331
353
374
329
310
267
297
354
256
338
315
316
341
360
331
401
327
327
280
359
302
379
383
338
381
381
354
350
304
298
338
378
337
316
354
329
331
229
316
327
351
319
328
375
312
224
344
287
309
274
333
355
340
314
290
298
311
320
295
323
322
345
334
268
374
250
297
299
344
294
349
309
278
337
366
240
0
0
0
0
0
0
0
0
0
0
0
0
0
0
68
173
242
254
323
312
335
308
