0
706
637
668
652
718
652
662
690
660
671
688
638
879
1002
601
588
691
590
620
578
471
668
607
515
647
711
653
686
662
675
632
702
676
702
616
630
637
495
567
514
635
543
640
577
633
507
651
501
1258
622
417
543
617
750
581
572
427
501
679
581
655
498
627
649
589
637
495
509
572
597
499
554
693
616
611
610
616
592
671
540
440
537
374
675
668
588
565
635
1310
503
541
559
491
665
598
560
584
513
541
424
618
621
605
646
688
601
567
490
546
657
465
620
577
582
619
665
599
733
597
603
511
656
563
694
700
617
699
697
649
642
551
553
617
696
620
577
646
600
613
417
579
599
642
585
603
688
571
409
627
523
562
503
605
650
627
572
530
543
566
585
541
599
588
631
615
494
687
459
545
550
633
534
637
564
507
617
669
442
1
0
0
0
0
0
0
0
0
0
0
0
0
0
128
317
450
471
598
575
610
570
