0
278
250
259
256
282
257
261
269
259
263
269
251
296
389
236
230
275
232
243
226
184
261
235
201
255
280
256
267
261
265
248
275
268
274
240
246
247
194
221
203
249
213
250
224
249
197
253
177
254
269
164
212
242
296
225
217
184
195
255
239
255
195
243
255
230
249
197
200
224
232
195
216
274
243
240
240
242
240
264
211
173
211
143
261
267
235
224
248
389
197
214
221
193
262
237
220
232
202
213
167
245
246
238
256
272
238
225
193
215
256
183
243
228
228
243
260
237
278
247
238
202
253
229
274
276
244
275
277
256
255
217
216
244
242
269
231
255
238
240
163
227
237
255
233
240
270
227
163
247
205
223
198
240
257
246
225
208
214
224
232
216
236
232
250
245
194
271
181
217
217
249
215
251
225
198
244
262
174
0
0
0
0
0
0
0
0
0
0
0
0
0
0
46
123
177
183
232
224
238
225
