0
709
638
674
652
719
655
665
687
661
672
687
639
758
990
601
594
694
590
619
577
470
667
605
513
649
712
651
682
666
676
631
700
682
705
617
628
635
494
564
517
634
543
639
577
634
505
644
457
648
684
417
541
616
749
574
553
474
497
650
608
655
499
627
649
587
634
501
509
570
599
498
550
697
619
612
611
615
611
671
537
439
535
375
671
677
595
560
627
986
504
542
558
488
663
600
558
587
511
541
423
619
622
603
647
687
603
568
489
544
658
462
615
576
581
614
668
600
702
625
602
510
642
580
693
698
618
695
699
647
646
550
552
616
617
682
577
644
602
608
415
580
599
645
593
607
688
573
412
625
518
563
507
608
652
624
568
526
542
566
587
546
597
587
632
619
492
686
457
548
552
630
539
634
569
508
623
663
440
1
0
0
0
0
0
0
0
0
0
0
0
0
0
121
317
454
470
595
575
609
575
