100.0
43.8
50.0
79.6
62.4
54.5
47.1
50.0
55.2
46.6
58.4
53.8
66.3
67.0
54.9
53.3
55.3
81.1
63.4
59.0
60.9
56.4
56.6
47.5
56.8
54.5
56.5
58.8
60.0
58.9
52.3
56.3
58.2
59.1
58.1
63.0
53.5
56.5
54.1
56.0
58.4
40.7
46.4
65.5
80.0
62.2
58.9
54.5
64.8
51.1
55.2
54.0
53.5
63.3
53.7
57.5
56.3
52.8
63.4
57.6
57.0
59.1
71.3
56.8
64.9
48.2
58.6
56.6
65.6
91.9
60.0
61.5
56.3
52.4
84.4
60.7
58.9
50.0
55.7
57.1
56.8
16.3
20.0
58.1
53.9
52.4
45.0
44.9
56.5
52.3
56.5
58.4
53.3
59.5
50.0
60.2
55.2
61.1
53.4
59.3
56.5
55.1
55.7
59.8
63.3
62.1
50.6
60.4
55.3
58.6
49.4
57.5
56.8
54.5
62.1
96.9
53.3
53.7
55.3
55.8
56.3
60.0
52.9
57.5
59.1
61.3
53.5
56.3
60.4
57.3
52.3
59.8
41.8
60.0
51.2
65.5
78.9
55.8
56.8
57.8
57.6
55.6
55.6
58.6
61.4
53.7
56.5
57.5
62.0
57.5
55.4
61.3
57.3
53.7
57.0
58.0
54.8
56.7
55.1
56.3
55.8
56.8
58.6
54.5
53.5
58.9
71.3
60.4
60.2
60.0
57.8
56.5
59.6
60.9
54.8
54.2
53.8
52.2
54.0
59.6
56.7
52.4
55.8
56.3
53.1
58.1
53.5
56.8
60.2
34.8
3.1
56.7
51.8
58.6
53.5
58.4
69.8
58.0
55.6
54.8
61.8
