0
267
344
403
352
363
261
288
331
306
352
327
564
456
354
326
345
368
362
381
365
351
380
320
350
349
383
380
372
379
350
370
375
381
370
452
368
379
355
303
383
293
334
366
391
377
369
315
365
334
359
347
342
382
364
320
367
360
399
386
384
370
396
350
378
344
375
371
338
418
362
362
372
391
1009
379
377
341
369
384
377
92
110
354
355
364
322
288
350
348
380
363
353
386
355
388
381
387
329
346
379
359
374
382
422
388
353
376
379
389
374
362
377
362
547
1196
353
374
374
372
387
392
362
373
399
384
338
371
374
374
350
385
286
378
363
585
841
367
374
379
377
364
374
388
385
364
355
369
413
374
378
379
378
371
378
384
387
367
360
358
377
391
378
347
368
376
614
379
390
384
387
349
377
381
377
373
385
340
371
381
370
368
381
378
384
391
364
367
382
230
0
355
359
379
363
379
637
387
362
378
393
