0
494
640
745
649
674
487
532
610
565
648
606
1042
916
657
599
641
677
672
701
670
645
707
595
642
650
701
702
685
702
646
678
689
703
685
832
677
700
656
558
705
541
611
675
731
696
681
583
678
614
651
641
630
709
668
588
674
662
736
707
706
680
728
641
698
630
694
681
630
778
667
665
683
722
1849
703
695
631
678
706
691
174
201
653
658
678
595
529
646
640
703
670
652
711
660
709
706
711
608
633
700
664
692
702
782
717
650
696
699
712
692
680
698
674
1006
2239
648
690
692
683
708
721
669
695
735
710
622
682
686
690
645
708
531
698
668
1078
1576
691
691
696
697
667
690
709
710
669
657
676
751
693
695
704
696
681
697
703
708
678
662
659
689
717
693
632
678
693
1129
696
715
709
709
641
689
701
694
680
707
624
682
701
685
674
698
692
702
721
668
675
695
426
0
652
667
707
670
700
1174
712
667
698
728
