0
190
249
271
267
264
188
193
254
220
253
238
327
325
257
234
249
262
268
273
264
253
278
231
252
252
277
276
270
273
253
267
272
278
268
318
267
275
257
219
277
212
239
265
281
271
266
227
268
241
256
254
248
276
262
232
264
261
288
277
277
266
286
250
272
247
274
267
246
308
261
262
269
283
437
277
272
248
267
280
273
71
76
254
255
265
229
209
252
250
278
262
258
277
256
278
273
280
239
247
274
260
269
275
305
277
259
274
272
281
268
261
278
263
301
518
253
271
272
269
277
283
265
271
286
276
246
268
269
269
254
279
208
275
262
324
427
270
269
279
275
261
273
279
277
262
260
269
296
272
275
274
271
269
273
277
278
265
262
259
271
284
273
250
265
271
367
274
283
280
280
253
273
276
275
267
280
246
268
279
268
266
277
274
280
277
270
268
276
167
0
252
258
276
261
272
377
278
260
275
285
