0
488
639
695
686
679
483
494
649
564
645
608
833
828
657
597
641
667
685
706
676
646
710
595
642
650
712
703
687
700
651
681
692
709
684
810
681
701
654
559
705
540
615
676
715
691
677
579
683
616
653
646
631
703
667
590
673
665
734
705
712
677
728
638
703
629
698
683
626
782
668
666
690
719
1109
704
698
631
677
711
691
182
197
653
658
679
585
534
645
640
708
668
658
708
658
708
698
714
611
631
699
668
687
701
783
706
660
699
697
719
684
677
713
676
766
1319
645
691
693
686
711
721
674
701
731
710
627
685
689
692
647
711
529
700
668
826
1088
688
686
704
700
666
693
708
711
667
659
680
750
692
698
696
694
683
694
701
707
685
664
657
690
719
693
633
673
695
929
696
718
713
711
641
690
699
695
676
708
621
685
707
686
676
704
693
710
703
684
678
693
423
0
649
666
707
668
695
963
711
665
700
727
