0.0
3.1
2.1
2.1
3.0
3.1
4.1
5.0
2.1
2.1
3.1
1.1
5.1
2.1
2.1
3.1
3.0
3.1
1.0
3.1
3.1
4.1
2.1
3.1
2.1
4.1
3.1
3.1
4.0
3.1
5.1
1.0
3.1
4.0
2.1
2.1
7.4
2.1
4.0
3.1
2.1
2.1
3.1
4.0
2.1
4.1
3.1
3.1
3.1
1.1
2.1
4.1
3.1
3.1
3.1
4.1
3.1
3.1
3.1
2.1
1.0
3.1
3.1
2.1
3.1
3.1
3.1
1.0
4.1
2.1
1.0
3.1
4.0
5.1
2.1
3.1
4.1
3.1
3.1
1.0
2.1
2.1
3.1
3.1
3.1
4.1
2.1
4.1
4.1
4.2
4.0
1.1
1.0
3.1
5.0
2.1
3.1
2.1
2.1
4.1
4.0
1.1
1.0
3.1
4.0
3.1
4.0
3.1
2.1
3.1
3.1
9.2
3.1
2.1
2.1
2.1
2.1
3.1
3.1
3.1
2.1
2.1
3.1
4.0
3.1
2.1
2.1
3.1
2.1
3.1
2.1
2.1
3.1
1.1
2.1
2.1
4.1
3.1
2.1
3.1
3.1
2.1
19.3
3.1
3.1
3.1
1.0
4.1
1.1
1.0
3.1
2.1
1.0
5.1
2.1
2.1
3.1
4.0
2.1
3.1
2.1
2.1
2.1
3.1
2.1
3.1
1.0
2.1
2.1
2.1
3.1
7.1
2.1
4.1
2.1
1.0
5.1
5.1
6.1
2.1
3.1
1.1
3.1
0.0
3.1
3.1
2.1
2.1
3.1
1.1
4.0
2.1
1.0
3.1
2.1
4.1
4.1
1.1
4.0
1.1
12.0
