0
26
26
26
26
30
31
31
31
31
32
31
33
31
32
30
32
29
33
31
32
31
31
31
31
31
31
31
31
31
31
31
31
32
31
31
30
32
31
32
32
32
31
30
32
31
31
31
31
31
32
32
31
31
31
31
31
31
31
31
31
31
31
31
31
31
32
30
32
32
30
31
33
30
32
30
32
31
31
31
33
31
31
32
31
31
31
31
44
42
31
32
31
31
32
31
32
30
32
31
32
30
33
32
30
32
30
32
32
32
33
35
31
32
31
30
32
32
31
31
33
31
32
33
28
36
31
32
31
32
31
31
33
31
31
31
33
31
32
30
32
32
31
31
31
31
32
31
31
32
32
32
32
32
31
30
32
30
29
33
32
31
31
31
31
31
32
31
31
31
32
31
33
31
31
31
31
29
34
31
33
31
32
31
30
31
31
31
32
31
33
31
30
32
30
32
31
32
31
31
31
