0
25
25
25
25
29
30
30
30
30
31
31
32
30
31
29
31
28
32
30
31
30
30
30
30
31
30
30
30
30
30
30
30
31
30
30
29
31
30
31
31
31
30
30
31
30
30
30
30
30
31
31
30
30
30
30
30
30
30
30
30
30
30
30
30
30
32
31
31
31
29
30
32
29
31
29
31
30
30
30
32
30
30
30
30
30
30
30
46
40
30
30
30
30
30
32
31
29
32
29
31
29
31
30
29
31
29
31
29
31
31
32
30
30
30
30
31
30
30
30
30
30
30
31
28
34
30
30
30
31
29
29
31
30
30
30
31
30
30
29
30
31
30
30
30
30
30
30
30
31
31
31
32
31
30
29
31
29
29
32
30
30
30
30
30
30
30
30
30
30
30
30
31
30
30
30
30
28
32
32
30
30
31
29
29
31
30
30
31
30
30
30
29
31
29
31
30
30
30
30
30
