100.0
78.6
68.5
62.2
62.9
57.0
47.7
85.9
45.3
49.4
45.9
62.0
79.8
67.0
52.4
54.7
61.4
53.4
54.5
45.7
52.2
50.6
55.8
50.6
39.5
50.0
48.8
58.0
52.4
50.0
57.0
46.9
50.0
48.1
57.5
50.0
41.9
53.2
61.6
51.3
51.1
53.6
56.5
72.2
53.4
54.8
72.0
74.4
59.6
58.1
59.0
55.8
58.1
53.4
59.1
54.1
55.4
58.3
88.7
62.5
57.0
57.8
52.4
53.7
51.7
55.4
55.4
51.7
52.8
47.7
51.9
58.0
51.1
56.0
57.6
57.0
57.8
44.7
3.1
28.3
55.4
53.4
58.6
58.0
50.6
54.9
52.4
63.3
51.2
61.5
51.2
63.0
63.6
79.2
70.7
57.0
52.5
54.9
54.8
56.3
52.4
58.5
60.9
77.2
71.3
50.6
57.0
54.7
57.1
58.1
54.1
56.0
57.8
59.3
41.3
53.0
58.0
58.0
57.1
48.1
57.0
56.2
57.1
58.4
54.1
49.4
57.5
60.2
54.2
53.6
53.5
56.5
77.2
79.8
56.2
57.5
55.2
50.6
51.9
55.3
53.5
54.3
53.8
36.7
14.1
50.5
55.4
56.2
51.8
61.5
52.9
59.6
70.3
55.1
48.8
60.0
48.8
60.2
53.6
44.9
47.0
57.3
56.0
56.4
53.8
55.4
59.3
58.6
83.2
55.6
57.6
54.7
58.2
57.5
62.6
56.6
54.1
55.4
52.4
58.1
56.7
50.6
54.9
56.6
56.5
57.6
57.8
52.3
76.1
59.6
56.5
54.9
55.4
52.4
55.4
56.6
54.9
58.3
52.9
56.1
55.4
