0
374
325
381
323
340
323
299
254
305
283
377
719
366
350
353
398
291
293
289
313
330
359
304
261
289
332
371
337
310
311
332
318
325
371
289
293
358
372
372
338
380
378
392
356
372
425
389
361
381
393
368
389
339
384
375
362
339
819
365
379
376
367
365
339
362
385
338
367
329
371
365
322
383
388
371
354
320
0
172
322
355
382
395
357
379
367
371
358
376
356
387
376
1052
507
369
376
359
392
381
339
364
378
404
403
353
385
375
383
388
372
380
372
385
268
370
375
381
370
355
382
371
380
378
377
358
378
426
373
377
351
390
951
439
318
362
369
350
369
377
355
388
350
215
91
321
372
360
357
386
352
384
598
393
361
391
349
390
382
314
336
396
377
364
384
392
392
435
1055
392
396
374
376
393
395
396
361
390
381
392
370
359
381
396
369
337
378
322
629
379
367
385
379
362
374
396
397
399
346
366
343
