0
691
602
702
594
627
593
554
469
569
517
694
1326
674
648
655
733
539
546
534
575
611
661
580
500
542
610
688
619
569
572
610
589
597
682
534
533
660
683
686
621
703
692
725
656
685
783
716
667
699
729
677
718
626
706
688
669
621
1511
674
697
694
675
668
629
664
706
620
675
610
686
673
597
707
711
679
661
588
0
316
598
658
712
743
662
705
673
689
657
695
660
720
697
1904
937
684
692
661
722
692
624
671
698
748
741
651
707
691
708
708
690
706
688
706
494
685
697
704
685
654
703
690
696
698
693
662
702
787
687
695
649
719
1753
807
579
665
679
641
678
699
653
711
644
401
169
592
690
670
657
717
651
711
1100
717
673
720
645
721
700
584
622
728
694
673
705
720
721
803
1938
725
724
692
692
725
730
733
664
727
700
723
682
660
700
729
678
619
705
596
1158
701
677
711
701
668
688
731
732
734
645
679
629
