0
280
279
275
228
251
236
208
190
222
202
274
368
297
251
258
282
211
219
211
227
241
260
224
191
208
239
270
242
223
224
236
230
235
268
210
211
261
266
270
245
275
271
282
256
268
265
302
261
277
285
266
284
246
278
272
264
244
256
312
277
271
268
263
245
260
278
243
263
240
269
263
236
277
280
269
261
231
0
121
233
256
271
298
255
276
265
271
256
271
256
262
295
354
373
272
272
259
285
271
245
263
275
288
293
256
277
272
277
278
270
274
269
277
191
267
271
274
267
257
276
267
274
272
273
258
273
306
270
272
252
283
397
332
226
259
266
251
265
274
256
279
250
158
64
230
264
263
255
283
252
279
361
293
263
281
255
284
274
227
243
287
272
268
276
282
284
290
455
285
285
271
273
286
287
288
258
288
275
284
268
259
275
286
266
239
276
235
386
275
267
279
274
265
270
287
289
287
254
267
246
