0
716
721
706
586
645
598
533
487
570
516
698
938
758
643
658
719
538
559
538
578
613
658
572
499
538
610
688
617
567
571
600
587
598
683
536
532
665
680
688
625
705
690
725
657
683
676
771
669
710
732
684
724
627
709
694
673
621
654
794
706
692
683
670
629
661
707
619
671
612
686
669
600
706
712
680
663
587
0
315
598
659
701
764
653
704
677
686
655
691
661
669
754
901
949
692
693
661
726
690
625
671
700
735
748
652
706
693
706
708
687
698
686
706
488
689
695
704
681
655
702
688
698
693
695
657
706
784
689
701
642
721
1010
847
576
660
677
640
676
698
651
710
643
403
168
590
678
680
655
723
646
713
920
748
672
717
650
725
699
580
626
730
692
684
711
720
724
738
1160
726
727
696
694
729
730
734
657
734
700
722
683
659
701
729
678
610
704
599
983
701
679
711
699
676
687
732
737
736
646
679
626
