100.0
40.0
40.0
46.3
46.8
40.5
50.0
40.8
46.8
43.8
40.5
50.0
38.7
45.9
53.7
49.4
44.0
48.1
42.3
45.5
55.0
88.3
74.1
46.9
47.4
47.3
48.7
43.0
45.9
46.8
47.4
47.2
47.4
45.6
45.8
44.6
42.9
38.6
40.5
42.3
43.8
47.4
44.0
44.7
45.7
45.9
32.9
47.4
39.7
42.3
44.7
37.7
43.1
46.8
39.1
43.2
42.9
41.9
45.2
36.6
44.0
45.2
74.4
75.3
47.4
46.1
44.7
46.1
46.7
43.7
41.3
37.3
39.1
44.3
44.4
38.8
42.5
39.4
44.3
42.3
40.8
41.7
60.8
48.6
42.3
33.8
35.8
45.8
39.4
33.3
42.3
26.8
34.8
36.2
40.6
36.1
34.4
42.6
32.3
35.9
35.4
11.9
15.0
32.4
36.9
33.8
32.3
29.0
34.4
32.3
26.6
32.3
31.1
43.7
35.9
33.9
34.3
26.8
33.8
34.9
35.4
30.6
31.7
70.7
36.9
39.1
41.4
40.3
32.8
32.3
34.9
32.3
30.0
29.3
36.4
30.8
65.3
31.6
44.8
33.8
34.4
32.2
36.1
26.7
33.8
28.3
32.8
32.8
33.3
32.3
33.8
34.5
33.9
52.7
30.2
35.5
33.3
25.0
74.4
61.0
32.2
37.9
37.9
39.7
32.8
39.7
76.8
47.1
39.1
32.8
35.5
36.8
13.7
14.0
31.3
34.4
39.4
32.8
34.4
40.8
74.1
40.0
36.4
37.3
40.9
39.4
38.2
41.2
41.2
40.6
35.3
39.4
35.8
39.7
41.8
34.3
41.8
54.2
40.5
36.9
43.3
