0
307
384
372
399
379
404
367
402
404
374
398
370
401
336
370
396
401
403
383
575
1432
807
371
425
409
416
375
411
397
397
414
399
395
411
397
397
402
371
401
402
397
395
403
372
406
317
390
389
399
396
378
394
403
380
394
405
384
394
375
398
407
1050
1012
380
393
392
399
409
418
382
405
400
410
402
410
395
409
414
408
407
393
713
412
403
400
401
421
387
414
402
324
381
385
408
414
400
410
395
409
395
170
200
365
393
377
400
384
401
380
368
394
406
420
405
399
386
406
391
406
393
384
395
1077
388
412
391
425
388
382
396
405
397
396
408
379
412
417
411
395
391
403
405
396
385
391
388
412
372
408
396
411
413
475
384
408
386
403
1126
523
409
394
409
393
408
410
445
385
402
397
407
376
204
160
364
402
407
404
401
388
445
362
385
389
413
379
381
397
413
398
386
405
384
401
412
377
415
418
349
402
405
