0
569
713
682
738
703
743
675
746
743
692
735
682
744
619
680
732
736
742
706
965
2574
1483
687
783
754
758
692
757
731
734
769
735
725
762
730
735
737
686
738
742
730
727
738
687
744
582
723
718
732
734
695
727
744
702
729
742
704
724
699
730
751
1931
1874
699
719
722
733
751
767
701
747
733
756
742
754
731
748
760
745
747
723
1305
759
739
731
734
780
708
760
731
598
701
711
746
758
730
754
723
752
726
315
368
674
728
698
737
711
738
706
682
723
747
772
743
740
709
749
716
748
727
705
727
1980
714
765
728
782
711
704
728
746
730
730
751
701
763
771
757
727
724
742
745
728
710
717
714
756
681
747
729
763
755
875
706
750
711
748
2048
987
752
726
753
730
746
757
820
701
741
728
751
690
375
294
676
744
753
751
747
720
828
666
714
712
765
699
707
734
763
733
707
747
708
736
762
696
770
771
642
740
749
