0
220
276
267
287
273
289
265
292
290
274
286
267
292
242
264
284
290
290
279
307
520
420
268
307
296
298
272
298
286
291
300
287
286
298
286
289
289
268
289
291
286
285
288
273
291
229
286
282
286
288
271
287
292
276
289
292
276
285
270
286
297
416
430
278
282
285
291
297
304
276
295
290
297
293
295
287
296
298
296
296
285
380
338
293
288
290
307
279
301
290
237
275
281
296
301
288
299
286
297
287
124
142
262
283
275
287
280
287
273
267
283
294
305
290
292
277
295
281
295
285
277
285
419
300
297
285
308
281
275
286
293
283
291
293
276
301
304
296
283
284
292
292
287
280
280
280
297
269
293
291
297
296
340
278
296
280
294
408
372
295
287
297
288
292
297
258
330
292
289
297
273
149
113
264
289
294
293
291
280
284
300
279
280
300
272
278
285
297
287
277
294
279
287
298
274
302
302
251
291
294
