0
567
717
684
733
702
742
676
746
743
701
730
681
745
618
675
723
739
739
711
787
1324
1070
684
787
755
761
706
760
728
740
768
732
729
766
729
737
735
688
735
741
729
726
736
696
740
583
728
718
729
734
694
731
751
702
735
743
705
726
701
728
755
1056
1094
706
716
724
736
750
770
701
750
735
760
745
746
727
748
761
751
749
722
962
858
743
730
733
785
707
760
734
600
704
717
748
760
728
757
722
751
726
315
365
674
728
703
734
717
739
700
682
721
750
777
741
746
706
750
716
752
726
706
727
1075
765
767
735
785
715
706
729
747
720
742
746
702
767
776
768
728
724
743
744
732
713
715
715
757
684
745
741
771
754
867
707
753
714
748
1039
953
752
731
756
734
744
763
657
840
744
733
753
693
378
292
678
743
751
750
744
721
727
768
712
719
767
694
711
730
767
731
706
749
711
734
761
700
770
772
640
740
749
