100.0
58.6
54.3
41.7
48.7
57.5
50.6
54.8
51.9
68.8
75.6
63.3
48.1
50.0
48.1
54.1
100.0
67.4
51.7
48.1
51.3
53.6
50.6
49.4
51.9
51.2
51.2
48.2
51.2
48.8
53.1
47.4
45.2
57.8
78.7
53.1
46.5
50.6
45.5
50.6
43.8
69.8
77.9
42.3
46.1
47.4
45.8
47.9
40.0
45.9
46.8
45.1
65.8
49.4
47.4
43.7
43.8
45.3
46.6
46.6
43.8
44.4
45.9
40.6
41.2
42.9
43.8
45.2
40.6
47.4
41.8
37.5
42.9
44.4
40.5
54.5
40.0
64.6
45.2
84.1
40.8
50.0
48.6
45.2
42.0
44.9
42.9
48.0
41.4
45.7
41.1
42.9
41.2
40.3
38.8
47.9
40.3
40.6
66.3
40.3
40.8
45.1
45.9
40.3
43.7
41.4
40.0
46.4
45.7
45.9
42.4
42.6
80.2
65.8
41.8
45.7
40.0
40.9
40.8
38.8
45.1
50.7
35.9
46.5
63.6
50.0
40.8
39.1
41.8
44.4
41.2
38.1
37.9
42.5
39.7
43.3
38.8
37.3
44.7
40.0
50.0
48.6
7.3
8.3
34.7
83.1
40.9
41.7
29.7
37.7
46.6
47.3
41.7
40.5
45.2
40.6
35.3
34.4
42.6
32.3
49.3
63.9
45.8
36.9
40.3
39.4
39.0
43.2
19.3
21.2
38.0
38.6
39.7
39.5
33.8
31.7
47.9
36.9
34.8
39.4
41.4
71.6
34.1
32.4
39.7
35.3
40.3
35.8
45.2
36.4
32.3
36.8
32.4
38.2
37.1
33.9
40.3
37.9
37.1
38.5
42.3
