0
394
385
309
373
395
367
375
390
844
518
390
380
389
387
366
468
414
372
376
401
371
370
380
394
377
390
363
393
373
406
383
395
396
422
383
402
384
381
396
392
386
393
379
387
383
387
396
385
382
373
393
413
395
387
389
387
382
395
389
390
374
394
375
399
378
387
381
389
384
403
381
402
386
361
395
402
390
390
424
384
381
389
390
390
397
393
396
393
394
376
386
389
388
396
399
393
400
593
395
380
397
392
367
390
386
398
399
404
390
402
391
431
411
399
405
392
392
373
387
389
391
386
400
409
387
382
394
397
394
383
406
385
363
376
398
393
377
318
394
366
349
34
43
227
378
370
352
310
347
360
394
359
347
367
372
347
362
389
354
381
411
360
380
349
369
293
336
128
137
322
317
298
191
269
356
401
379
327
373
345
232
164
221
322
357
346
356
368
368
340
323
335
373
375
366
361
388
349
377
357
