0
729
709
576
690
725
675
693
720
1558
976
724
698
716
711
675
860
759
680
700
735
685
684
704
726
696
717
671
721
687
749
703
731
730
775
702
740
710
701
727
723
712
720
697
715
706
712
736
713
703
687
723
764
723
713
712
706
701
735
721
716
692
723
695
737
695
710
699
721
706
739
698
741
710
667
719
736
718
716
784
706
696
714
716
720
734
726
725
720
727
684
705
714
717
723
733
722
729
1085
725
699
735
718
673
712
704
733
732
739
717
745
715
796
750
732
738
718
719
687
708
714
716
715
730
751
707
697
721
733
717
700
740
702
665
691
729
715
692
583
720
671
641
68
82
424
701
680
655
579
638
661
733
659
642
681
684
639
671
715
654
707
755
664
698
644
678
545
612
241
254
596
583
550
355
502
654
743
698
605
687
637
424
304
404
594
655
636
654
678
677
626
599
615
690
691
675
666
719
641
697
657
