280
279
279
279
279
279
279
280
280
280
280
280
280
280
280
281
280
280
280
280
280
280
280
280
280
280
280
280
280
280
280
280
280
279
280
280
280
280
280
280
280
281
280
280
280
280
280
280
280
280
280
280
280
280
280
280
280
280
280
280
280
280
280
280
280
280
280
280
280
280
280
280
280
280
280
280
280
280
280
280
280
280
280
280
280
280
280
280
280
280
280
280
280
280
280
280
280
280
280
280
280
280
280
280
280
280
280
280
280
280
280
280
280
280
280
280
280
280
280
280
280
280
280
280
278
278
278
278
279
278
278
279
278
278
279
278
278
278
278
279
278
278
278
278
278
279
278
278
279
279
278
279
279
279
278
279
279
279
278
278
279
278
278
279
279
278
279
278
278
278
278
279
279
279
279
278
279
278
279
278
278
278
279
278
278
279
279
279
278
278
278
278
279
278
279
279
278
279
279
278
278
