0
328
277
228
271
283
263
274
283
382
361
284
271
283
278
262
336
299
267
276
287
269
274
275
284
271
282
262
282
270
295
277
284
272
318
276
289
279
274
287
284
279
282
273
281
275
280
288
280
276
268
279
304
284
282
281
279
277
285
282
283
273
284
275
290
274
279
275
282
278
290
275
290
280
263
283
289
283
285
306
280
276
282
283
282
289
286
287
284
289
269
279
283
280
285
288
283
288
386
285
275
289
282
268
281
282
289
288
291
285
293
284
293
315
291
290
285
282
272
279
281
283
285
287
299
278
275
285
289
283
277
294
279
261
272
288
282
273
228
285
268
255
27
29
163
261
272
256
226
250
258
287
254
258
266
268
250
263
278
256
247
329
268
274
253
266
213
260
93
96
232
229
212
138
195
258
288
275
239
268
250
166
119
158
232
257
249
256
264
267
244
234
241
271
272
264
261
279
249
272
258
