0
841
708
584
690
724
674
700
722
975
922
726
693
723
714
668
856
761
679
703
732
688
698
708
724
697
719
672
719
688
758
705
727
693
811
707
747
712
699
732
724
711
720
695
715
706
714
735
713
703
684
711
773
723
718
711
707
705
735
725
718
694
720
699
738
696
710
705
716
706
741
696
743
713
667
717
734
718
723
791
710
706
716
715
723
734
731
726
723
733
682
708
717
711
721
729
720
728
977
723
697
733
720
678
710
712
738
731
737
721
747
718
749
797
736
737
721
722
690
707
710
717
722
727
757
707
696
720
730
715
701
742
704
660
688
730
712
697
581
720
677
646
69
79
421
672
697
657
578
639
660
733
647
659
684
682
639
676
710
654
631
840
683
697
645
677
544
663
239
250
598
584
543
359
498
658
740
701
609
685
638
422
304
402
592
654
636
652
673
681
622
598
614
691
692
679
665
711
642
700
657
