100.0
45.8
39.5
49.4
71.6
59.3
48.7
45.6
48.2
45.5
43.6
61.7
71.9
43.2
47.4
44.3
49.4
45.0
46.2
46.4
42.3
77.2
35.2
21.7
39.1
26.4
22.6
78.3
100.0
54.7
45.5
44.6
46.3
32.9
45.7
43.0
35.4
34.1
38.0
42.1
47.3
42.7
84.8
52.9
39.8
36.6
33.3
74.7
49.4
63.5
65.9
47.4
46.8
86.0
44.2
45.8
44.4
43.9
50.0
50.6
47.6
39.0
53.2
43.6
98.0
47.4
52.4
51.6
56.8
48.1
47.4
51.8
51.2
51.2
50.0
51.9
45.7
51.2
38.8
45.0
48.1
46.8
44.3
49.4
43.8
48.7
51.9
42.5
51.8
56.1
50.0
44.3
50.6
45.3
49.4
60.9
48.8
74.7
67.4
82.8
45.2
42.9
50.0
51.2
45.7
45.0
53.2
44.4
51.9
44.6
47.5
42.0
47.4
44.3
47.1
44.2
42.3
45.5
49.4
44.0
46.2
46.7
84.2
30.6
42.0
42.2
47.4
42.0
46.8
41.0
51.2
44.6
49.4
49.4
51.9
45.9
46.6
53.9
46.2
44.0
49.4
47.5
43.9
39.2
48.1
57.1
57.3
43.9
51.9
48.1
46.1
48.1
48.7
79.3
60.0
45.1
48.1
52.4
46.3
48.1
49.4
48.8
65.5
41.0
50.6
53.8
43.9
46.8
43.4
43.0
50.6
38.7
50.6
47.3
48.8
44.2
44.2
48.7
41.3
54.3
51.2
39.5
57.1
50.0
46.2
81.6
43.6
48.8
47.4
39.5
46.2
44.7
49.4
51.3
47.4
56.3
45.8
48.7
49.4
48.7
43.8
