0
317
366
273
322
338
330
332
310
361
323
482
602
322
358
325
356
322
341
309
282
296
176
114
184
149
99
250
346
298
323
323
320
243
278
253
255
214
268
349
397
351
1098
349
240
216
250
400
378
370
346
324
366
427
349
270
295
303
339
356
336
244
366
362
484
379
381
411
408
375
348
359
361
383
373
396
364
383
296
352
350
351
359
387
354
387
380
350
384
396
387
353
395
382
376
377
363
798
528
383
381
348
408
380
364
368
396
353
397
388
365
324
390
301
346
323
353
373
343
317
339
323
742
205
324
345
388
360
385
356
399
360
397
387
399
352
390
404
377
386
375
375
353
335
402
369
390
348
390
359
387
375
380
1154
543
361
379
388
365
386
361
387
399
354
388
409
351
390
348
364
369
329
353
379
381
335
366
390
379
403
388
356
389
400
390
1062
357
394
395
367
378
393
358
405
416
435
359
386
391
373
342
