0
590
679
506
596
640
607
614
573
665
600
897
1105
599
659
611
655
599
628
576
525
548
326
210
337
277
185
467
644
547
599
599
598
446
513
470
465
403
492
643
730
624
2017
642
442
398
462
733
695
686
636
599
680
784
641
498
542
559
627
656
620
456
677
670
903
703
708
759
757
691
646
661
667
706
691
730
672
707
549
652
652
651
664
711
653
716
702
658
709
715
719
658
725
703
698
695
669
1464
966
704
698
643
750
704
670
674
735
650
726
713
672
595
719
557
658
587
646
690
625
586
617
595
1357
373
593
633
711
656
699
655
737
663
727
715
730
650
717
740
691
707
688
690
651
615
735
680
711
645
714
655
709
692
701
2120
1035
664
698
715
669
707
661
710
732
649
713
753
647
714
641
667
682
608
650
697
695
615
673
713
696
739
711
653
710
728
721
1940
659
722
723
669
696
723
666
736
738
792
664
706
720
685
626
