0
230
221
237
220
259
238
240
225
259
234
294
396
233
260
233
259
236
244
225
202
214
127
81
132
107
72
119
222
266
233
235
233
173
200
180
184
157
191
252
287
241
445
251
174
156
162
308
272
250
266
234
267
309
253
194
214
218
246
257
242
179
263
261
354
272
279
297
295
270
254
257
263
276
269
288
261
278
216
255
253
252
260
279
255
281
273
260
263
294
286
256
285
276
244
304
262
434
399
278
274
252
295
277
264
270
290
254
289
282
264
235
283
221
260
231
255
271
247
232
243
236
346
162
234
252
280
258
280
261
288
260
287
283
289
255
284
293
272
279
272
273
254
241
290
255
294
257
282
260
278
275
276
421
351
260
277
280
264
278
263
280
288
255
283
295
255
282
255
263
268
240
255
275
273
243
265
283
279
294
281
259
281
286
285
413
261
285
286
265
275
285
261
290
281
334
263
279
286
273
247
