0
595
568
612
565
673
616
616
578
661
605
754
1009
597
667
606
666
607
634
576
520
559
323
211
338
275
190
312
568
691
601
605
601
445
511
461
476
409
488
643
730
618
1141
639
443
399
417
795
699
630
678
602
690
787
644
497
547
560
635
656
619
457
678
671
905
702
718
759
763
691
649
662
673
709
692
735
679
711
554
654
649
652
663
714
650
721
701
665
671
750
728
661
724
705
623
772
670
1104
1015
706
697
643
751
709
671
685
742
649
737
715
668
595
718
561
657
585
645
690
624
593
615
600
876
415
594
640
708
653
710
661
735
670
730
720
735
649
720
744
691
708
691
694
651
619
735
647
748
660
716
662
707
703
704
1077
894
668
711
714
671
707
669
715
734
649
719
750
646
721
648
670
681
615
657
699
700
617
670
721
705
744
711
656
716
726
723
1043
662
725
724
669
698
724
664
737
708
843
670
709
731
693
627
