5.2
2.2
5.2
6.3
6.2
3.3
5.3
5.4
7.1
5.3
4.2
4.2
2.2
5.3
4.2
4.3
3.2
5.3
3.2
6.3
3.2
6.2
4.3
7.3
17.6
3.2
4.2
7.4
5.3
8.5
5.3
3.2
6.2
6.3
2.2
3.2
6.1
2.2
8.2
4.3
71.9
93.0
96.0
100.0
100.0
100.0
100.0
100.0
98.0
100.0
100.0
100.0
98.0
100.0
100.0
100.0
100.0
100.0
100.0
96.9
98.0
100.0
100.0
100.0
100.0
100.0
100.0
100.0
100.0
100.0
100.0
100.0
100.0
100.0
99.0
100.0
99.0
100.0
100.0
100.0
100.0
100.0
100.0
100.0
99.0
100.0
99.0
100.0
100.0
100.0
100.0
100.0
100.0
100.0
100.0
100.0
100.0
100.0
98.0
100.0
97.0
98.0
100.0
100.0
98.0
100.0
100.0
100.0
100.0
100.0
98.0
100.0
98.0
100.0
99.0
99.0
100.0
100.0
100.0
100.0
96.9
99.0
100.0
99.0
100.0
100.0
100.0
100.0
99.0
100.0
100.0
99.0
100.0
100.0
100.0
100.0
100.0
99.0
100.0
99.0
99.0
100.0
100.0
100.0
100.0
100.0
99.0
100.0
100.0
100.0
97.9
100.0
100.0
100.0
97.0
100.0
85.7
86.0
100.0
68.3
100.0
70.7
5.3
4.3
6.3
3.2
3.3
4.3
3.2
5.3
2.2
5.3
3.2
4.2
5.3
6.4
5.3
4.2
3.2
4.3
21.7
5.3
3.2
3.2
2.2
5.4
5.3
5.3
5.2
3.2
5.3
3.2
3.2
5.3
4.3
2.2
7.4
6.2
4.3
3.2
