0
16
16
16
16
17
16
16
17
16
16
17
16
17
17
16
16
17
17
16
16
16
16
16
17
16
16
16
16
16
16
16
16
16
16
16
16
16
16
16
16
187
274
274
284
253
356
266
264
285
394
272
328
298
313
329
288
334
302
297
345
340
329
280
366
270
373
586
304
336
288
316
314
315
321
273
344
273
254
335
274
364
266
321
282
302
338
261
320
254
318
270
304
242
338
289
324
252
337
278
345
309
317
366
340
283
336
606
320
301
386
273
323
258
342
273
277
348
274
326
277
312
257
330
278
341
579
304
306
270
358
349
312
335
259
314
261
334
265
333
241
276
313
305
367
280
326
271
376
274
353
261
348
278
341
248
328
224
460
282
449
271
178
16
17
15
17
17
17
16
17
16
16
16
17
16
16
17
16
16
16
18
16
16
16
16
16
16
16
16
16
16
17
17
14
17
17
17
16
17
16
