0
31
31
31
35
33
31
31
32
33
30
32
30
32
37
31
30
32
31
33
31
31
31
31
37
32
31
31
31
33
31
31
31
31
33
31
31
31
32
34
31
349
506
508
521
469
661
493
487
537
727
497
614
549
594
605
535
623
563
551
636
634
612
516
683
499
697
1078
582
619
531
582
578
585
593
502
646
516
479
616
505
670
493
607
519
555
617
480
590
468
591
497
561
461
633
532
608
473
639
520
629
571
593
686
625
522
627
1123
596
554
700
504
600
491
635
503
523
648
510
598
514
568
483
622
520
633
1069
562
563
504
650
642
577
616
478
587
479
616
496
620
448
522
581
561
679
523
600
502
700
502
664
479
656
504
628
479
601
413
844
504
836
496
334
31
33
30
33
33
32
31
36
30
36
31
32
32
32
34
31
30
31
42
31
31
31
31
33
31
31
31
31
34
32
33
27
33
34
32
31
32
31
