0
11
11
11
12
13
11
12
12
11
12
12
11
12
12
12
11
12
11
12
11
11
12
11
12
12
11
12
11
12
11
11
11
12
12
12
12
12
12
12
12
135
166
206
186
201
169
209
161
191
174
217
190
200
184
188
191
181
193
201
176
190
187
196
173
229
191
176
193
176
211
191
192
190
188
203
173
195
211
171
198
168
212
190
205
188
186
212
185
193
215
190
198
191
192
204
179
197
197
199
180
190
199
179
259
193
196
179
182
191
186
189
185
192
178
204
211
178
199
191
202
177
209
193
211
195
190
200
191
201
193
181
198
182
198
185
203
184
196
187
213
194
198
244
187
189
182
199
180
196
190
205
217
190
194
211
177
184
150
200
128
190
146
12
12
11
12
12
12
12
13
11
12
12
12
12
12
12
12
11
12
13
12
12
12
12
12
12
12
12
11
12
12
12
10
12
12
12
12
12
11
