0
32
31
31
38
37
31
34
32
32
32
33
31
32
39
33
30
34
31
34
31
31
32
31
40
33
31
32
31
36
30
31
30
33
38
32
32
33
32
39
31
345
420
522
478
511
430
531
406
488
438
550
478
505
474
475
481
458
487
511
443
483
472
494
448
576
485
449
488
445
531
482
484
483
482
511
438
492
534
437
501
421
536
488
518
475
469
534
467
487
542
478
498
488
484
513
454
499
497
503
454
478
499
455
653
487
496
451
464
481
468
474
465
494
451
515
535
448
504
480
512
445
532
497
532
497
481
504
479
505
486
456
503
459
498
469
511
465
492
473
537
496
507
616
475
481
457
502
455
494
482
514
554
479
487
532
441
466
375
504
322
479
375
36
32
33
32
36
32
33
40
30
41
35
31
36
32
35
33
31
33
45
33
31
31
32
34
32
31
32
30
41
35
32
32
32
37
31
36
32
30
