100.0
7.2
5.2
5.3
4.3
4.3
6.3
5.2
5.4
7.3
7.4
6.4
7.3
3.3
7.3
4.2
15.4
4.2
4.3
6.2
6.3
4.2
6.3
7.2
5.3
4.2
6.3
4.2
8.3
5.2
4.3
5.2
6.2
4.3
6.3
4.2
7.3
9.3
2.2
5.2
20.7
80.2
100.0
100.0
100.0
100.0
100.0
100.0
100.0
100.0
100.0
100.0
99.0
98.0
99.0
100.0
100.0
100.0
100.0
100.0
100.0
100.0
100.0
100.0
100.0
100.0
100.0
100.0
100.0
100.0
100.0
100.0
100.0
100.0
100.0
100.0
100.0
100.0
100.0
100.0
100.0
100.0
100.0
98.0
97.1
100.0
99.0
100.0
98.1
100.0
100.0
100.0
100.0
100.0
100.0
100.0
100.0
100.0
100.0
100.0
100.0
100.0
100.0
99.0
100.0
100.0
100.0
100.0
100.0
98.0
100.0
100.0
100.0
96.9
100.0
100.0
100.0
100.0
98.0
100.0
98.0
100.0
100.0
100.0
100.0
100.0
100.0
100.0
100.0
99.0
100.0
99.0
100.0
99.0
100.0
99.0
100.0
99.0
99.0
99.0
100.0
100.0
100.0
100.0
99.0
72.8
100.0
99.0
100.0
75.5
100.0
99.0
100.0
99.0
100.0
100.0
100.0
100.0
100.0
100.0
100.0
100.0
98.0
100.0
98.0
100.0
100.0
100.0
100.0
100.0
100.0
100.0
100.0
99.0
100.0
98.0
100.0
99.0
100.0
100.0
100.0
99.0
100.0
100.0
100.0
100.0
99.0
99.0
100.0
100.0
100.0
100.0
100.0
99.0
100.0
99.0
100.0
98.0
100.0
99.0

