0
16
16
18
16
16
16
16
16
16
16
16
16
16
17
17
16
16
15
18
16
16
17
16
16
15
17
16
16
16
17
16
16
17
17
16
16
16
16
16
57
215
258
345
275
286
334
286
266
339
275
383
252
287
325
263
254
358
203
291
200
222
244
199
265
174
179
290
256
289
319
259
306
235
497
372
316
248
287
257
337
270
282
316
278
349
251
397
295
329
336
256
367
277
284
321
328
326
273
361
277
275
348
247
257
356
277
330
288
274
371
276
339
271
581
314
284
342
245
305
234
360
288
327
267
306
312
265
390
249
342
273
347
263
337
262
346
304
363
269
332
277
324
270
321
327
375
295
312
363
345
250
359
245
580
364
251
373
303
350
295
351
268
376
232
366
304
288
365
304
318
268
327
265
330
273
341
296
347
276
330
313
258
350
266
340
266
379
309
359
243
329
308
407
543
274
352
244
338
300
340
