0
31
31
49
31
31
31
31
33
31
31
31
31
33
32
32
30
30
30
35
32
30
32
33
31
29
33
31
33
31
33
31
31
41
32
31
32
31
33
31
108
399
484
646
499
538
618
540
507
626
515
715
471
526
599
489
468
639
372
511
374
410
452
367
481
318
338
540
472
532
596
478
566
442
914
684
583
459
530
468
628
503
532
581
519
647
479
746
536
607
613
485
692
511
530
592
603
602
514
663
522
525
645
452
477
657
518
618
532
512
673
527
625
524
1062
586
521
638
452
561
435
671
538
601
483
576
577
500
711
465
634
512
638
497
626
475
635
562
672
495
619
503
591
502
597
603
689
548
582
666
659
471
661
450
1063
670
464
688
560
650
545
665
492
689
426
677
564
534
669
560
585
493
599
486
602
504
639
545
636
505
624
572
483
641
489
631
499
703
565
657
454
620
564
754
993
510
654
448
620
558
632
