0
11
11
13
12
12
11
11
12
12
12
11
11
12
12
12
11
11
10
13
12
12
12
12
12
11
13
11
12
11
12
12
11
12
12
12
12
11
12
11
39
146
197
187
196
198
179
236
200
175
189
173
179
202
181
212
195
188
163
134
118
109
109
144
144
98
141
142
187
148
170
199
167
188
169
185
168
161
152
155
181
206
187
239
196
177
204
169
203
193
196
205
176
182
204
193
200
162
203
184
202
204
169
213
203
166
200
172
188
199
175
197
185
197
220
173
208
194
212
163
204
184
226
186
205
196
197
208
176
209
178
197
171
201
179
186
191
207
188
205
174
209
190
205
192
163
178
188
188
159
175
210
181
194
210
171
199
173
194
180
193
255
206
179
198
184
194
215
179
189
192
207
202
202
179
197
173
207
186
215
225
174
198
180
199
175
190
179
205
178
204
196
188
196
189
196
173
205
196
200
182
