0
31
30
51
34
33
31
31
34
32
34
30
31
36
33
32
33
30
31
34
34
33
32
37
33
30
38
30
35
30
36
33
30
46
34
32
36
30
34
30
105
370
502
483
495
503
456
599
506
441
481
440
451
514
456
533
494
474
410
336
299
277
282
364
363
249
358
363
471
373
432
501
428
479
424
469
424
410
382
394
455
520
485
603
492
447
513
430
513
487
493
515
452
462
513
488
503
412
512
464
511
520
427
538
512
418
503
434
481
500
441
499
469
497
554
435
523
489
535
412
512
472
570
470
514
493
497
525
442
529
448
502
432
507
451
468
483
520
475
517
441
527
478
520
486
413
449
480
474
400
444
528
455
489
527
431
502
434
487
452
490
639
518
448
497
464
486
536
449
473
486
523
510
509
449
496
435
520
466
536
572
446
495
452
498
441
481
448
512
445
518
499
471
494
475
494
437
513
492
501
460
