0.0
1.0
4.0
5.3
1.0
5.2
3.1
11.7
15.0
1.0
1.0
2.0
2.0
1.0
2.0
1.0
1.0
1.0
1.0
1.0
2.0
1.0
0.0
24.0
4.1
4.1
0.0
1.0
1.0
2.0
0.0
2.0
0.0
2.0
0.0
2.0
0.0
1.0
2.0
2.0
1.0
1.0
1.0
27.3
1.0
1.0
0.0
1.0
1.0
3.0
2.0
1.0
1.0
0.0
2.0
2.0
0.0
2.0
0.0
1.0
1.0
2.0
1.0
1.0
1.0
2.0
2.0
21.9
7.1
7.1
0.0
3.1
3.0
1.0
1.0
0.0
2.0
1.0
1.0
3.1
1.1
3.1
6.3
1.0
2.1
3.1
1.0
3.1
3.9
23.7
1.0
4.0
3.0
3.0
4.1
1.1
3.1
3.1
5.2
3.1
3.2
4.1
2.1
3.1
4.1
3.1
4.1
2.1
1.0
5.1
3.1
6.1
27.8
7.4
6.3
3.2
5.4
4.1
3.1
3.1
4.0
5.2
2.1
4.0
4.2
3.1
1.1
4.0
5.1
20.0
5.1
1.0
5.0
0.0
5.2
4.0
4.1
4.0
3.2
1.0
4.2
5.3
5.2
5.1
2.2
3.1
7.1
6.4
3.2
10.9
4.2
2.1
4.2
3.1
5.1
2.1
14.9
9.2
4.2
1.0
4.1
5.0
1.1
4.0
2.0
1.0
1.0
2.0
1.0
1.0
6.2
1.0
2.0
2.0
3.2
0.0
3.1
0.0
3.2
2.1
4.1
1.0
1.0
3.0
2.1
3.0
22.9
5.0
2.2
3.1
3.1
4.1
3.1
1.0
3.0
1.0
4.2
0.0
4.3
2.0
3.2
