0
16
17
16
16
16
16
16
16
16
16
16
16
16
16
16
16
16
16
16
16
16
17
16
16
17
17
16
16
16
16
16
16
17
16
16
17
16
17
16
57
210
271
272
242
246
308
262
249
176
170
158
89
64
85
64
72
94
104
108
84
64
86
62
12
20
16
17
16
16
17
16
16
17
17
16
16
16
16
16
17
16
16
16
17
16
17
16
16
17
17
16
16
17
16
14
18
16
16
17
16
16
16
17
17
16
16
16
16
16
15
18
16
16
17
16
16
16
16
16
16
17
17
16
17
16
16
16
17
16
17
16
16
16
17
16
16
16
16
16
16
16
16
16
17
16
16
16
16
16
16
17
16
17
17
16
16
17
16
15
18
16
16
16
16
16
16
16
16
16
16
16
16
16
17
16
16
16
16
16
16
16
16
17
17
16
17
16
15
17
15
17
17
16
16
17
16
16
16
16
16
