0
30
32
31
32
32
31
32
31
31
33
31
31
31
31
33
31
31
31
31
33
31
31
31
31
37
32
32
31
31
33
31
30
32
31
32
33
30
32
31
109
389
513
504
452
461
568
505
460
338
322
303
167
120
159
125
135
174
195
200
159
121
158
116
24
40
30
33
31
32
32
31
31
32
39
31
31
32
31
32
32
30
31
31
34
31
32
31
31
34
32
30
31
32
36
27
35
31
31
34
31
31
30
32
34
34
31
31
31
33
31
34
31
32
41
33
31
31
31
33
33
32
32
31
34
34
31
31
32
32
32
31
31
30
34
32
31
31
31
33
31
31
32
32
37
31
31
31
31
33
31
32
30
32
34
30
31
32
30
30
35
31
31
31
33
31
31
31
31
33
31
31
31
31
37
32
31
31
31
33
31
31
32
32
34
31
32
31
29
35
30
32
32
31
40
32
31
32
31
33
31
