0
11
12
12
11
12
12
12
12
12
12
12
12
12
11
12
12
12
12
12
12
12
12
12
12
13
12
12
12
12
12
12
12
12
11
12
12
11
12
12
39
142
182
184
190
187
184
189
180
169
134
121
65
47
62
47
52
67
76
78
62
47
61
45
9
15
11
13
12
11
12
11
12
12
12
12
12
12
12
12
11
12
12
12
12
12
12
12
12
12
12
11
12
12
12
10
13
12
12
12
12
11
11
12
12
12
12
12
12
12
11
13
11
12
13
12
12
12
12
12
12
12
11
12
12
12
12
12
12
11
12
12
12
11
13
12
12
12
12
12
12
12
12
12
13
12
12
12
12
12
12
12
12
12
13
11
12
12
11
11
13
12
12
12
12
12
12
12
12
12
12
12
12
12
13
12
12
12
12
12
12
12
12
12
13
11
12
12
11
13
11
12
12
12
12
12
12
12
12
12
12
