0
33
34
31
30
37
37
32
32
31
38
34
33
31
30
40
38
31
34
31
37
33
35
32
31
43
36
33
33
31
36
32
35
31
30
37
38
33
34
31
107
364
464
467
482
483
471
482
458
429
347
312
167
121
157
129
137
172
196
198
163
122
156
117
23
46
32
35
32
34
34
30
34
32
40
32
35
35
31
35
30
33
34
31
36
32
35
33
31
35
32
32
32
33
38
29
36
35
32
36
31
30
32
32
38
39
31
37
31
35
34
35
33
32
44
38
34
36
33
35
36
34
31
35
37
38
33
33
35
34
35
32
31
32
39
35
32
34
34
37
31
34
33
32
45
33
35
35
32
37
31
37
32
32
40
32
35
36
31
34
35
35
31
32
41
33
32
39
32
39
31
33
33
33
44
34
31
38
32
38
32
34
35
31
42
34
32
39
30
39
32
34
31
34
46
35
31
34
35
39
33
