0.0
48.3
48.2
81.1
49.4
58.8
50.6
54.4
51.7
56.8
60.9
53.6
48.2
46.4
59.1
90.3
47.1
43.0
44.3
61.9
52.9
50.0
55.7
51.9
50.6
51.2
52.4
48.7
55.4
52.9
59.5
47.1
54.2
50.6
58.7
56.3
53.6
46.9
52.9
50.7
71.1
50.0
56.1
57.1
53.0
54.1
59.3
68.5
81.5
54.9
61.6
45.3
64.2
53.7
51.1
87.4
61.3
50.6
44.2
50.6
54.7
52.9
49.4
54.7
50.6
55.1
47.7
50.6
48.2
47.1
50.0
52.9
51.8
56.2
51.1
55.7
45.7
54.9
51.3
50.0
53.0
48.8
60.9
56.3
47.0
49.4
55.7
55.4
49.4
64.4
54.2
54.5
51.2
73.0
69.2
53.9
59.8
58.0
56.5
51.8
58.2
52.4
50.0
54.0
55.1
50.0
50.6
58.2
54.0
52.4
52.9
51.7
52.3
51.8
51.1
51.2
50.0
53.0
17.5
4.2
5.2
5.2
3.2
4.2
5.2
28.6
8.2
8.3
6.2
6.7
6.3
4.2
3.1
4.1
3.2
3.1
5.1
5.2
14.4
4.2
7.3
3.1
4.2
6.2
3.0
3.2
3.1
5.3
2.0
4.2
3.1
6.2
1.0
6.3
3.1
5.3
2.1
3.1
3.1
12.0
21.5
3.2
3.1
4.3
6.4
5.4
1.0
5.3
3.1
2.1
3.1
2.2
3.1
4.3
2.1
5.3
3.0
3.2
4.0
2.1
2.1
4.3
5.2
4.3
2.1
5.2
2.1
4.2
3.1
4.3
3.1
5.2
2.1
6.2
2.1
5.4
3.1
5.2
3.0
5.3
2.0
