0
353
362
385
366
408
363
382
318
333
357
346
339
337
339
396
338
279
340
409
386
364
402
392
373
391
364
386
372
396
385
358
396
370
392
386
394
378
387
403
396
372
392
389
400
363
683
671
438
376
370
334
403
406
360
436
336
369
331
344
396
389
373
372
387
395
360
384
342
336
396
362
390
414
322
397
363
390
400
368
391
364
375
415
363
400
392
405
367
412
404
392
379
437
394
390
395
399
387
371
400
399
363
395
391
356
396
396
366
400
392
377
390
387
337
388
381
395
101
0
0
0
0
0
0
0
0
1
0
0
0
0
0
0
0
0
0
0
0
0
0
0
0
0
0
0
0
0
0
0
0
0
0
0
0
0
0
0
0
0
0
0
0
0
0
0
0
0
0
0
0
0
0
0
0
0
0
0
0
0
0
0
0
0
0
0
0
0
0
0
0
0
0
0
0
0
0
0
0
0
0
