0
649
672
715
681
749
668
706
591
621
651
642
623
614
623
727
623
518
623
751
713
674
743
723
686
722
676
710
685
730
705
658
732
676
726
706
725
696
710
749
726
687
724
719
738
668
1230
1272
803
694
681
612
745
745
662
808
615
678
613
630
730
710
698
689
705
728
661
709
628
623
726
661
721
769
598
729
668
710
738
679
716
669
686
765
669
714
722
741
680
756
739
715
692
800
727
718
733
732
707
679
734
728
670
720
712
653
723
730
673
736
716
692
718
712
614
711
697
725
189
0
0
0
0
0
0
0
0
10
0
10
0
0
0
0
0
0
0
0
0
2
0
0
0
0
0
0
0
0
0
0
0
0
0
0
0
1
0
0
1
0
0
0
0
0
0
0
0
0
0
0
0
0
0
0
0
0
0
0
0
0
0
0
0
0
0
0
0
0
0
0
0
0
0
0
0
0
0
0
0
0
0
