0
251
261
281
264
295
264
276
229
244
255
249
244
241
242
286
245
202
243
295
281
265
289
285
268
284
266
278
269
287
278
256
285
267
283
277
286
276
279
287
290
271
284
283
290
263
318
374
276
316
266
242
293
293
260
311
247
268
239
246
287
278
271
269
276
286
258
277
247
242
285
261
285
286
245
287
260
281
288
270
283
262
271
300
266
284
287
292
266
298
294
282
274
279
320
274
301
289
280
269
288
290
263
285
282
258
286
287
270
293
283
272
284
281
242
283
274
286
74
0
0
0
0
0
0
0
0
1
0
0
0
0
0
0
0
0
0
0
0
0
0
0
0
0
0
0
0
0
0
0
0
0
0
0
0
0
0
0
0
0
0
0
0
0
0
0
0
0
0
0
0
0
0
0
0
0
0
0
0
0
0
0
0
0
0
0
0
0
0
0
0
0
0
0
0
0
0
0
0
0
0
