0
646
675
724
684
753
678
709
586
625
652
644
623
615
616
728
623
516
621
752
717
676
739
726
684
722
678
711
685
731
709
652
734
679
728
707
729
702
711
730
739
690
722
721
739
669
810
953
703
811
682
621
752
747
661
798
629
683
613
630
735
708
698
685
703
728
662
710
629
628
725
666
726
729
632
732
673
714
733
683
718
673
688
765
676
723
728
739
681
753
744
715
692
705
812
702
775
734
709
682
737
734
672
720
713
653
722
726
683
740
715
689
719
710
613
715
693
722
189
0
0
0
0
0
0
0
2
13
2
9
0
0
0
0
0
0
0
1
1
3
0
0
0
0
0
0
0
0
0
0
0
0
0
0
0
1
0
0
1
0
0
0
0
0
0
0
0
0
0
0
0
0
0
0
0
0
0
0
0
0
0
0
0
0
0
0
0
0
0
0
0
0
0
0
0
0
0
0
0
0
0
