0.0
40.0
48.8
49.4
48.7
50.6
51.2
46.2
52.3
45.3
53.5
47.6
51.2
49.4
52.9
83.3
73.3
47.0
48.8
64.3
61.9
46.2
51.2
49.4
47.4
51.2
50.6
50.6
46.7
48.1
54.5
48.8
49.4
50.6
51.8
50.6
50.0
50.0
47.5
34.5
48.2
43.0
48.8
54.4
50.0
45.6
52.3
48.8
45.8
46.3
73.6
83.5
42.7
53.5
50.0
48.8
50.0
51.9
45.3
54.0
47.4
50.0
43.4
51.2
46.8
48.1
48.2
50.0
43.6
52.9
50.6
50.0
51.9
44.3
46.9
49.4
47.0
43.6
2.1
7.1
2.0
3.2
0.0
3.1
2.0
3.2
2.0
3.1
2.1
4.2
4.0
6.4
3.1
4.2
2.1
3.2
5.0
5.2
3.1
2.1
2.0
3.2
4.0
3.1
5.0
5.3
4.0
2.2
2.0
5.1
2.1
4.3
1.0
2.1
1.0
3.2
3.1
2.2
1.0
3.2
2.1
8.7
3.0
4.2
4.0
5.2
5.0
18.1
2.0
15.3
3.1
7.2
0.0
8.2
4.1
3.2
3.1
4.3
3.1
6.2
7.0
5.4
1.0
4.3
1.1
2.2
2.0
3.2
0.0
5.2
2.0
3.1
4.0
3.2
4.1
5.2
4.0
19.6
14.3
5.3
3.1
3.2
2.0
3.2
1.0
3.1
2.1
12.4
4.0
5.3
4.0
21.3
13.0
17.3
2.1
8.4
1.1
6.6
2.0
3.2
2.1
6.2
10.5
22.4
2.1
5.2
2.0
3.1
3.1
3.2
5.1
7.2
3.1
4.2
3.2
3.2
3.1
3.2
1.1
1.0
3.0
