0
348
367
373
375
374
374
378
374
381
375
379
385
371
364
1372
669
371
363
407
450
377
386
382
376
372
382
387
388
381
371
363
377
376
388
390
367
393
370
243
370
356
379
371
379
371
366
365
352
353
872
1115
372
374
386
371
383
382
385
384
383
371
376
370
372
367
378
376
368
375
392
373
397
357
378
373
372
354
0
0
0
0
0
0
0
0
0
0
0
0
0
0
0
0
0
0
0
0
0
0
0
0
0
0
0
0
0
0
0
0
0
0
0
0
0
0
0
0
0
0
0
0
0
0
0
0
0
0
0
0
0
0
0
0
0
0
0
0
0
0
0
0
0
0
0
0
0
0
0
0
0
0
0
0
0
0
0
0
0
0
0
0
0
0
0
0
0
0
0
0
0
0
0
0
0
0
0
0
0
0
0
0
0
0
0
0
0
0
0
0
0
0
0
0
0
0
0
0
0
0
0
