0
643
676
690
685
691
694
701
692
705
692
696
710
685
670
2508
1230
680
669
748
830
693
708
696
694
682
711
713
719
705
685
669
692
696
716
712
683
710
685
458
679
656
715
686
698
677
676
674
655
645
1609
2060
684
680
710
684
708
703
713
704
705
682
689
679
682
673
695
691
678
691
724
680
732
657
693
679
682
650
0
0
0
0
0
0
2
0
0
1
0
0
0
0
0
0
0
1
0
0
0
0
0
0
0
0
1
0
1
0
0
0
0
1
0
0
0
1
0
0
0
8
4
10
0
0
0
1
1
1
0
0
0
0
0
1
0
0
0
0
0
0
0
0
0
0
0
0
0
0
0
0
0
0
0
0
0
0
0
0
0
0
0
0
0
1
0
0
0
0
1
0
0
0
0
0
0
0
0
0
0
0
0
0
0
0
0
0
0
0
0
0
0
0
0
0
0
0
0
0
0
0
0
