0
250
263
271
269
272
272
274
270
274
271
273
277
268
262
415
391
266
263
293
324
271
280
273
271
267
282
280
281
273
269
263
272
275
280
279
269
277
272
180
270
258
280
267
274
265
265
265
258
252
378
435
270
267
280
268
278
275
281
276
278
269
273
268
268
265
275
270
267
270
283
265
289
256
271
271
271
258
0
0
0
0
0
0
0
0
0
0
0
0
0
0
0
0
0
0
0
0
0
0
0
0
0
0
0
0
0
0
0
0
0
0
0
0
0
0
0
0
0
0
0
0
0
0
0
0
0
0
0
0
1
0
0
0
0
0
0
0
0
0
0
0
0
0
0
0
0
0
0
0
0
0
0
0
0
0
0
0
0
0
0
0
0
0
0
0
0
0
0
0
0
0
0
0
1
0
0
0
0
0
0
0
0
0
0
0
0
0
0
0
0
0
0
0
0
0
0
0
0
0
0
