0
649
675
692
687
696
695
703
693
706
696
694
705
683
669
1061
996
677
671
747
825
690
714
694
697
680
723
712
716
702
692
669
693
700
717
710
686
706
693
458
688
658
712
687
699
678
675
676
662
642
963
1115
686
678
711
682
713
703
714
701
707
685
695
682
680
675
697
688
679
696
726
673
733
657
688
686
687
652
0
0
0
0
0
0
0
0
0
0
0
0
0
0
0
0
0
0
0
0
0
0
0
0
0
0
0
0
1
0
0
0
0
1
0
0
0
0
0
0
0
12
6
8
0
0
0
0
1
3
2
6
6
1
1
3
0
1
1
1
0
0
0
0
0
1
1
0
0
0
0
0
0
0
0
0
0
0
0
0
1
0
1
0
0
1
0
0
1
0
1
0
0
1
4
4
7
1
1
1
0
0
1
2
0
0
0
0
0
0
1
0
0
0
1
0
0
0
0
0
0
0
0
