0.0
3.2
4.3
3.2
7.2
6.2
5.3
5.3
5.3
16.1
5.3
3.3
8.5
9.7
12.2
2.2
6.2
4.3
4.3
4.3
5.3
4.2
3.2
4.2
6.2
4.3
5.3
2.2
6.2
4.3
4.3
4.2
3.3
4.2
4.3
4.3
3.2
4.2
4.3
9.4
25.0
88.4
100.0
100.0
99.0
100.0
100.0
100.0
100.0
100.0
100.0
100.0
100.0
100.0
100.0
100.0
100.0
100.0
100.0
100.0
100.0
100.0
100.0
100.0
96.2
100.0
100.0
100.0
100.0
100.0
100.0
100.0
100.0
100.0
100.0
100.0
100.0
100.0
100.0
100.0
100.0
100.0
100.0
100.0
100.0
97.9
100.0
98.9
100.0
100.0
100.0
100.0
99.0
100.0
72.4
100.0
74.5
100.0
100.0
100.0
100.0
100.0
100.0
99.0
100.0
100.0
100.0
100.0
100.0
98.0
100.0
100.0
100.0
100.0
100.0
100.0
100.0
100.0
100.0
100.0
100.0
100.0
100.0
100.0
100.0
100.0
100.0
100.0
100.0
100.0
100.0
100.0
100.0
100.0
100.0
100.0
100.0
100.0
99.0
100.0
100.0
100.0
100.0
100.0
100.0
100.0
100.0
99.0
100.0
100.0
100.0
100.0
100.0
100.0
100.0
98.1
100.0
99.0
100.0
99.0
100.0
100.0
100.0
100.0
100.0
100.0
100.0
100.0
100.0
100.0
100.0
100.0
100.0
100.0
99.0
100.0
100.0
100.0
100.0
100.0
100.0
100.0
100.0
100.0
100.0
100.0
100.0
100.0
100.0
100.0
100.0
100.0
100.0
100.0
100.0
100.0
97.0
100.0
100.0
100.0
100.0
