0
16
16
16
17
16
16
16
16
16
16
16
17
15
19
16
17
16
17
16
17
16
17
16
16
16
17
15
18
16
17
16
16
16
17
16
16
16
16
16
66
202
272
289
255
255
350
280
275
341
230
353
252
328
350
295
356
256
343
306
264
343
280
255
268
299
328
232
458
305
253
208
292
225
278
269
218
293
282
227
292
308
296
320
348
244
297
256
353
274
341
310
253
312
334
257
264
291
250
264
273
285
289
220
307
584
241
345
298
253
309
132
215
292
207
295
294
150
292
288
215
210
173
208
145
238
219
243
224
253
312
293
237
273
297
228
244
280
241
373
258
240
218
261
383
303
354
257
364
303
312
305
260
365
282
203
374
280
351
270
274
300
224
292
297
231
373
213
307
179
266
215
283
285
206
227
220
330
200
309
299
186
304
252
330
202
310
286
219
281
199
283
236
320
225
311
237
261
205
318
172
