0
31
32
31
37
31
31
31
31
34
31
31
31
29
41
30
32
30
32
32
32
30
32
31
33
31
33
28
34
32
32
31
32
31
37
32
31
31
31
33
124
375
517
527
474
471
648
525
517
638
433
658
466
619
651
550
657
473
620
572
493
639
510
471
505
552
598
396
845
563
464
387
534
423
512
501
403
539
522
420
538
575
545
595
640
449
551
473
662
504
614
576
468
575
615
483
487
537
461
498
502
526
551
405
567
1070
444
637
553
471
572
253
403
547
379
545
542
290
537
536
394
390
352
372
252
438
398
461
412
457
586
552
451
504
547
430
452
520
453
685
485
453
405
481
747
557
666
479
684
558
572
580
481
680
530
397
688
510
653
495
505
547
407
537
553
428
686
393
563
330
498
395
539
523
390
418
404
608
366
563
557
355
552
461
594
375
569
524
396
515
350
526
432
592
414
574
436
477
370
584
324
