0
12
12
12
13
12
12
12
11
12
11
12
11
11
14
12
12
11
12
12
12
11
12
11
12
12
12
10
13
12
12
12
12
11
12
12
11
12
11
12
46
130
136
165
242
187
164
173
193
173
179
150
188
170
176
192
151
165
174
169
170
165
176
128
203
126
150
143
162
124
146
152
146
127
159
134
141
138
153
154
159
172
177
159
169
183
182
171
150
179
172
177
184
185
124
144
102
160
178
154
147
151
143
201
161
183
166
164
176
184
160
108
112
135
154
147
117
100
140
140
168
120
97
109
129
134
127
98
125
152
154
164
143
144
146
147
129
143
184
175
128
119
177
191
130
154
165
184
171
195
178
177
194
174
141
194
169
181
176
197
179
142
158
167
158
170
166
160
161
110
133
149
73
147
170
137
193
159
152
133
136
164
151
143
166
121
124
157
161
160
169
161
129
170
165
157
232
151
171
133
98
