0
33
32
34
44
33
32
32
30
43
30
34
31
29
49
36
33
32
31
36
34
34
32
31
38
38
35
30
33
35
36
33
34
31
41
39
30
34
30
35
120
335
348
417
617
474
418
442
490
440
452
386
476
437
449
489
383
416
440
426
431
418
433
329
517
319
381
360
412
312
371
387
367
328
403
339
364
349
388
389
402
442
445
410
428
462
460
435
380
449
427
446
469
468
315
366
261
406
457
389
376
381
366
508
406
459
420
419
443
464
404
276
285
344
387
371
298
258
354
356
422
304
255
276
328
339
324
251
316
382
388
419
362
363
372
373
329
365
465
445
321
305
449
482
332
387
424
470
430
493
447
451
491
442
356
490
429
458
441
495
451
357
398
421
397
429
416
400
403
277
340
373
190
369
429
347
481
400
380
332
349
416
380
358
415
305
313
393
403
400
421
405
322
430
413
395
580
379
427
334
253
