0.0
6.3
5.2
5.2
5.3
18.6
8.2
6.2
2.1
4.3
1.1
6.2
5.2
5.3
6.2
6.3
3.2
3.2
4.2
3.2
3.2
7.3
8.1
4.3
4.2
4.3
3.2
7.3
2.1
5.2
3.2
5.3
7.1
5.3
3.1
7.3
16.9
4.3
3.2
5.3
12.0
62.7
40.7
16.1
30.0
17.2
3.2
4.3
23.8
13.0
5.2
4.3
5.2
5.3
3.2
5.3
6.2
3.3
4.2
5.3
4.2
2.2
8.2
3.2
5.2
5.3
2.2
6.2
3.2
5.3
4.2
3.2
7.2
3.2
6.3
8.4
3.2
4.3
3.2
3.2
3.2
6.3
4.2
4.3
4.2
3.2
3.2
15.3
4.2
4.3
3.2
3.2
7.1
6.3
2.2
6.2
3.2
2.2
3.2
1.1
5.3
5.3
5.2
5.3
4.2
7.3
2.2
16.9
3.2
3.2
3.2
6.4
4.2
4.3
3.2
3.3
3.2
3.2
2.2
5.4
1.1
2.2
3.2
4.2
2.1
6.3
3.2
4.3
1.1
4.3
5.2
4.3
4.2
3.2
3.2
4.3
2.2
5.2
2.2
4.3
2.2
6.4
5.2
3.2
3.2
2.2
5.4
16.3
2.2
3.2
2.2
5.3
2.2
3.2
2.2
7.3
2.2
1.1
3.2
2.2
3.3
3.2
4.2
6.3
2.2
5.3
3.2
3.2
2.2
3.2
3.2
4.3
4.3
3.2
4.3
2.2
5.2
3.2
4.2
3.3
2.2
3.2
4.2
4.2
5.3
1.1
21.3
4.2
2.2
1.1
2.2
4.3
3.2
3.2
4.3
2.2
2.2
4.2
2.2
3.2
3.2
