0
16
16
16
16
17
16
17
16
16
16
16
16
16
16
18
16
16
16
16
16
16
16
16
17
17
16
16
16
16
16
17
16
16
13
19
16
16
16
16
41
178
125
46
95
48
16
16
95
47
16
16
16
16
16
16
16
16
16
16
16
17
17
16
17
17
16
16
14
18
16
16
17
16
16
17
17
16
16
16
16
16
16
16
16
17
16
16
16
16
16
17
16
17
17
16
16
16
17
16
16
17
16
17
16
17
16
17
16
16
16
16
16
16
16
17
16
16
16
16
16
16
16
16
16
17
17
16
17
16
16
17
16
17
16
16
16
16
16
16
17
16
16
16
16
16
16
16
16
16
16
16
16
16
17
15
18
16
16
17
16
16
16
16
17
16
16
16
16
16
16
16
15
16
16
16
16
16
16
16
16
16
16
16
17
16
16
16
17
16
15
18
16
16
17
17
16
16
17
16
16
