0
31
31
31
32
37
30
32
31
31
33
32
31
32
30
46
31
31
31
31
33
31
32
31
35
37
31
31
31
32
33
31
32
32
27
41
31
31
31
31
81
331
231
86
178
97
31
31
178
88
33
31
31
31
31
33
31
31
31
31
33
32
33
30
32
42
31
31
27
35
33
30
32
31
31
36
32
31
31
31
34
31
31
31
31
41
31
32
31
31
33
32
32
31
32
33
31
30
32
30
33
33
30
32
30
34
31
32
30
32
33
31
31
31
31
42
31
31
31
31
33
31
31
31
31
34
32
31
32
31
33
33
30
32
31
32
31
32
31
31
34
31
31
31
31
33
31
31
31
32
33
31
31
32
32
36
35
31
31
32
33
31
30
31
32
33
31
31
31
33
31
31
30
32
33
32
31
31
31
33
31
31
31
31
46
31
31
32
33
32
28
35
31
31
37
32
31
31
32
33
31
