0
12
12
11
12
12
11
12
12
12
12
12
12
11
11
13
12
12
11
12
12
12
12
11
12
12
12
12
12
12
12
11
12
12
10
14
12
12
12
11
28
129
89
35
68
35
12
11
68
34
12
11
11
12
11
12
12
11
12
11
12
12
12
11
12
13
11
11
10
13
12
11
12
11
12
12
12
11
12
12
12
11
12
11
12
13
11
12
12
12
12
12
11
11
12
12
11
11
12
11
12
12
11
12
11
13
12
11
11
11
12
11
12
11
11
13
11
11
12
11
12
11
11
11
11
12
11
12
12
11
12
12
11
12
11
12
12
11
12
11
12
12
12
11
11
12
12
11
12
12
12
12
12
12
11
12
13
12
12
12
12
12
11
12
12
12
12
12
12
12
12
11
11
12
12
12
12
12
11
12
11
11
12
12
13
12
12
12
12
12
11
13
11
12
12
12
11
12
12
12
12
