0
38
34
30
34
42
39
35
34
32
32
39
34
31
32
49
36
35
31
32
33
36
34
31
36
40
33
38
32
32
34
31
36
34
26
45
33
35
33
31
77
328
232
91
175
100
32
31
179
88
35
30
31
36
30
38
34
31
38
31
35
31
35
32
33
46
32
31
32
34
36
30
33
30
34
41
33
31
33
33
38
30
32
30
34
45
31
32
32
32
37
31
33
30
34
38
31
30
33
29
40
32
30
31
30
42
33
31
33
31
38
30
33
30
31
47
31
30
32
31
36
31
31
30
30
40
31
31
33
31
35
33
30
31
30
37
36
31
34
31
35
34
33
30
30
40
37
30
35
32
35
34
33
32
30
42
37
34
34
32
35
31
34
31
31
39
36
33
35
36
31
30
36
33
41
36
32
38
30
37
30
30
35
33
53
33
31
34
32
34
31
37
30
33
40
38
30
35
32
34
34
