0.0
41.2
46.8
51.2
57.6
51.2
48.1
48.7
46.8
89.5
65.1
45.5
49.4
48.1
53.7
51.9
52.5
46.1
48.8
51.9
46.8
53.5
51.2
43.2
46.9
42.2
41.8
55.4
41.2
39.3
41.3
44.9
44.2
46.5
54.2
44.6
46.1
48.1
46.5
78.2
53.6
48.8
47.6
46.2
53.1
52.3
44.2
44.7
51.9
53.6
50.0
54.0
50.6
47.5
51.8
50.0
46.8
46.8
48.7
46.8
54.7
48.8
51.2
53.6
48.7
48.1
47.4
48.7
48.8
50.6
38.9
1.0
2.1
6.0
5.2
5.3
3.1
5.2
4.2
2.1
4.1
4.2
3.1
5.2
3.1
4.1
3.1
4.2
3.1
5.1
4.2
4.1
2.1
1.0
2.1
1.0
1.0
1.0
2.0
1.0
2.0
1.0
3.1
5.0
4.2
2.1
5.1
3.1
3.1
4.1
5.2
1.0
1.0
2.1
2.1
4.2
3.0
4.1
6.1
5.1
4.1
5.1
3.2
4.0
4.2
4.1
3.1
3.1
6.1
5.1
4.1
6.0
3.1
2.1
7.1
21.6
4.0
12.2
4.1
1.0
1.0
5.3
3.1
4.0
4.0
2.1
4.1
3.2
5.3
5.2
8.1
3.1
4.2
4.0
3.1
3.2
5.1
4.1
7.1
6.1
4.2
3.1
3.1
1.0
1.0
13.6
11.5
1.0
4.0
4.0
8.2
6.3
1.1
3.1
1.1
4.1
5.2
5.1
3.1
36.2
3.2
12.6
5.3
1.0
4.1
5.3
3.1
7.3
6.2
5.2
1.0
3.1
0.0
2.1
1.0
2.1
1.0
4.2
2.0
2.1
5.1
