0
324
365
387
476
383
364
396
399
1398
598
394
402
400
374
399
398
396
382
401
369
389
388
347
368
336
347
354
347
282
334
320
319
340
423
390
384
381
351
934
355
376
364
377
400
389
305
365
383
378
392
379
382
372
385
386
381
390
387
381
389
382
373
394
384
401
386
398
379
409
405
0
0
0
0
0
0
0
0
0
0
0
0
0
0
0
0
0
0
0
0
0
0
0
0
0
0
0
0
0
0
0
0
0
0
0
0
0
0
0
0
0
0
0
0
0
0
0
0
0
0
0
0
0
0
0
0
0
0
0
0
0
0
0
0
0
0
0
0
0
0
0
0
0
0
0
0
0
0
0
0
0
0
0
0
0
0
0
0
0
0
0
0
0
0
0
0
0
0
0
0
0
0
0
0
0
0
0
0
0
0
0
0
0
0
0
0
1
0
0
0
0
0
0
0
0
0
0
0
0
0
