0
594
674
713
881
706
673
728
737
2573
1111
721
741
740
688
730
735
730
702
741
678
715
712
635
680
622
642
655
636
515
611
593
592
622
778
712
700
699
648
1718
663
693
669
690
729
721
569
675
707
696
717
697
699
686
709
709
699
714
712
697
717
692
708
723
703
745
714
728
699
752
741
0
0
1
1
0
0
0
0
0
0
0
0
1
1
0
0
0
0
0
0
1
0
0
1
0
0
0
0
0
0
0
1
0
0
0
0
0
0
0
1
0
0
0
0
0
0
0
0
0
0
0
1
0
0
0
0
0
0
0
0
0
0
0
0
0
0
0
0
0
0
0
0
0
0
0
0
0
0
0
1
0
0
0
0
1
0
0
0
0
0
0
0
0
0
0
0
0
0
0
0
0
0
0
0
0
0
0
0
1
2
0
0
0
0
2
0
12
10
0
0
0
0
0
0
0
0
0
0
0
0
