0
231
266
280
330
277
267
285
291
480
378
283
291
288
270
285
289
284
276
292
267
282
279
250
266
245
251
257
249
202
239
232
230
243
304
280
274
277
254
427
309
274
260
272
286
280
220
264
273
273
281
272
273
270
278
278
274
282
282
274
280
276
279
286
276
292
278
287
277
297
222
0
0
0
0
0
0
0
0
0
0
0
0
0
0
0
0
0
0
0
0
0
0
0
0
0
0
0
0
0
0
0
0
0
0
0
0
0
0
0
0
0
0
0
0
0
0
0
0
0
0
0
0
0
0
0
0
0
0
0
0
0
0
0
0
0
0
0
0
0
0
0
0
0
0
0
0
0
0
0
0
0
0
0
0
0
0
0
0
0
0
0
0
0
0
0
0
0
0
0
0
0
0
0
0
0
0
0
0
0
0
0
0
0
0
0
0
1
0
0
0
0
0
0
0
0
0
0
0
0
0
