0
590
679
714
841
707
679
727
740
1223
963
721
741
735
688
728
737
729
702
744
679
718
710
636
681
623
641
654
634
517
610
592
592
620
780
712
705
705
648
1088
794
698
671
692
728
712
572
673
697
695
717
696
696
687
707
707
698
716
716
693
717
700
714
727
700
748
718
727
702
758
563
0
0
0
1
0
0
0
0
0
0
0
0
0
0
0
0
0
0
0
0
0
0
0
0
0
0
0
0
0
0
0
0
0
0
0
0
0
0
0
0
0
0
0
0
0
0
0
0
0
0
0
0
0
0
0
0
0
0
0
0
0
0
0
0
2
2
8
4
1
1
2
1
0
1
2
0
0
0
0
1
0
2
0
0
1
0
0
1
0
0
0
0
0
0
0
0
1
0
1
0
0
0
0
0
0
1
0
0
5
2
8
4
1
1
4
0
15
11
2
0
0
0
0
0
0
1
0
0
0
0
