0.0
51.2
84.2
51.2
51.2
43.6
50.6
54.2
49.4
43.6
48.1
41.6
42.5
51.2
46.9
52.4
47.5
52.4
46.3
47.4
44.9
50.0
50.0
48.1
82.1
49.4
51.8
45.7
48.7
44.9
52.5
47.0
48.7
49.4
48.1
49.4
47.7
57.5
54.0
48.1
48.1
48.8
50.6
58.1
48.7
51.9
50.6
48.8
50.6
48.8
47.4
42.1
51.9
47.5
46.8
51.2
50.0
44.7
51.2
51.7
48.0
43.6
47.6
54.8
49.4
48.2
50.0
46.8
51.9
45.1
50.0
45.7
50.6
80.2
52.4
48.1
45.6
46.8
48.7
42.3
47.4
50.6
48.2
50.6
40.3
48.8
53.1
49.4
47.4
48.1
45.7
45.5
47.4
45.2
51.9
51.9
48.2
48.7
47.4
51.1
48.7
49.4
45.6
50.0
50.6
47.4
50.0
45.0
50.0
51.2
43.8
54.8
48.1
46.8
51.8
42.0
51.2
50.0
45.8
45.7
46.1
45.1
51.2
50.6
50.6
48.8
42.1
56.0
50.6
44.6
46.1
48.2
51.9
48.1
45.8
45.8
51.3
47.6
49.4
48.8
48.7
44.2
46.8
51.2
45.0
51.8
45.0
48.8
44.3
47.1
46.8
50.6
46.2
50.0
43.2
47.0
48.8
44.9
49.4
48.2
48.1
47.0
43.1
49.4
45.6
50.0
48.2
48.1
48.8
48.8
46.2
46.3
46.8
49.4
47.6
51.2
47.5
52.5
43.8
52.5
48.8
49.4
46.3
48.2
48.2
48.8
44.3
54.9
47.0
52.4
9.2
5.3
4.0
3.2
2.0
4.1
4.1
4.1
3.2
6.3
1.1
