0
345
398
373
428
367
402
389
390
378
381
373
354
403
370
406
381
397
369
394
381
405
391
398
1208
358
404
370
398
378
402
369
395
383
403
390
367
427
389
399
392
375
389
380
399
395
378
393
403
413
398
365
397
377
377
431
377
386
382
400
408
377
375
427
373
390
394
392
390
369
395
370
400
416
404
398
368
394
401
369
403
400
385
401
366
392
417
372
408
401
376
386
397
371
408
409
380
397
399
375
389
407
379
402
385
399
417
375
404
412
371
408
400
391
411
354
405
378
377
379
398
367
409
383
379
394
379
426
406
363
403
368
420
392
374
367
405
373
392
373
403
372
400
405
377
400
372
384
372
368
401
371
398
388
366
375
385
377
411
370
407
374
403
386
358
398
380
405
396
375
396
376
392
398
376
403
380
407
374
405
397
388
376
386
390
370
375
411
374
402
34
0
0
0
0
0
0
0
0
0
0
