0
637
733
693
790
678
744
716
724
695
702
686
655
737
687
754
703
731
680
727
699
743
725
731
2224
660
737
687
734
703
741
677
730
705
744
720
681
792
715
731
721
690
719
693
733
736
699
725
744
759
734
678
733
674
695
735
695
707
701
742
749
694
695
781
685
720
726
723
719
679
730
680
741
767
744
729
680
722
735
675
743
733
708
739
674
714
765
682
748
736
692
708
730
674
748
745
700
728
741
691
719
746
690
734
705
732
762
689
739
754
679
746
734
717
754
650
737
700
687
693
728
670
748
705
694
718
693
780
740
669
739
675
755
718
682
676
742
681
723
685
739
680
734
736
690
738
677
700
677
673
731
681
733
707
667
684
705
683
753
679
744
687
740
705
657
727
698
744
729
685
726
686
717
731
691
742
692
743
684
744
725
711
702
715
715
676
689
756
686
741
68
0
0
0
0
0
0
0
0
0
0
