0
247
286
268
309
266
291
279
284
270
275
267
259
288
271
296
277
288
267
285
273
294
284
285
439
300
290
272
286
277
291
266
288
277
292
284
267
287
302
288
285
273
281
271
288
289
273
285
291
297
286
269
288
264
273
288
284
279
275
291
293
274
273
306
270
281
283
284
283
266
285
267
290
301
290
288
266
283
290
265
295
288
279
292
266
282
302
267
295
291
274
280
290
266
296
295
276
286
290
272
281
296
272
288
280
290
302
272
292
298
268
293
291
281
299
256
290
273
271
275
287
264
296
281
274
284
273
309
292
263
292
265
297
283
269
268
294
269
286
269
292
272
291
290
271
293
267
277
265
267
289
271
290
278
265
271
280
275
296
268
295
271
294
279
258
287
276
293
286
271
288
271
283
289
274
293
269
299
271
294
286
272
286
282
281
269
274
305
272
294
27
0
0
0
0
0
0
0
0
0
0
