0
640
737
694
791
680
751
713
728
695
702
682
663
733
691
755
706
734
682
727
697
748
731
730
1118
765
739
693
733
706
741
678
738
705
743
723
680
739
770
734
725
695
718
691
733
737
697
726
741
756
728
690
734
672
695
734
724
710
700
747
750
697
700
778
688
715
721
729
720
677
734
680
738
774
747
730
677
719
734
673
748
731
708
740
680
714
765
680
745
742
694
710
734
676
749
746
703
730
744
691
715
748
688
734
707
733
764
688
738
753
678
744
736
716
756
648
735
706
685
694
725
673
748
711
692
718
691
780
738
672
738
676
757
716
681
677
742
679
723
681
737
687
735
735
690
741
676
699
674
676
730
686
733
708
671
684
708
689
750
678
746
691
742
704
656
725
698
740
728
685
727
685
715
731
692
740
681
755
684
743
723
688
722
714
711
682
692
771
687
744
71
0
0
0
0
0
0
0
0
0
0
