100.0
43.0
44.2
42.1
40.6
47.3
45.5
48.1
40.5
42.9
43.8
46.5
45.6
48.6
45.2
46.8
42.3
49.4
46.2
45.2
46.8
41.9
42.3
45.9
43.4
46.7
44.6
50.0
48.1
39.4
48.7
45.5
40.3
51.9
45.2
49.4
44.7
48.0
48.7
53.6
45.3
46.7
42.6
46.2
46.9
44.2
42.3
44.2
45.1
42.9
49.4
50.6
41.1
50.6
45.9
40.0
45.9
41.3
37.0
52.6
46.8
48.1
43.1
44.4
56.3
48.8
44.6
36.0
52.5
48.1
48.1
44.6
82.6
41.3
31.3
42.0
43.2
39.4
48.7
44.6
47.4
47.4
43.2
41.3
46.7
47.9
41.9
43.8
43.1
46.7
42.3
46.8
52.5
42.5
48.7
47.3
43.6
60.8
61.4
43.8
45.5
43.1
49.4
44.0
45.3
43.8
44.3
45.3
47.4
44.6
46.8
33.8
45.5
48.2
44.7
43.1
45.7
45.8
48.1
42.3
44.6
38.2
46.1
88.3
46.6
47.4
46.7
44.0
43.1
53.2
45.9
43.8
48.6
42.9
55.6
43.1
49.4
42.3
41.4
41.7
45.3
41.4
48.1
43.0
40.3
38.8
50.0
42.3
47.4
44.0
40.8
47.4
43.5
49.4
45.3
38.2
36.2
35.1
45.3
85.6
69.9
42.1
46.6
45.3
52.6
43.2
43.5
42.7
39.4
39.5
45.1
40.3
44.7
44.0
45.2
43.7
39.1
43.8
53.9
45.9
46.2
55.6
47.6
45.9
67.4
40.6
47.2
44.6
45.2
44.4
68.0
44.4
47.1
43.2
42.3
42.3
44.4
40.8
41.0
39.4
42.0
