0
351
382
378
407
411
396
406
384
409
411
420
391
414
417
393
411
403
397
413
400
399
411
413
392
408
407
417
409
392
416
400
379
434
396
388
400
405
408
366
396
408
414
384
388
386
415
388
409
367
403
436
378
407
410
396
409
374
377
418
398
399
396
402
413
374
395
352
421
379
403
381
428
385
369
420
396
388
411
403
415
412
396
390
404
405
390
399
401
399
405
402
433
396
409
424
384
742
660
404
396
402
412
392
395
411
443
388
401
407
392
344
392
341
384
407
413
410
411
404
403
398
432
1362
400
411
401
398
444
406
412
403
449
376
465
412
419
400
404
402
406
409
405
370
397
397
405
408
408
393
397
409
408
407
404
368
378
338
389
1270
755
382
412
398
455
397
400
412
402
371
415
416
400
397
410
407
399
402
451
414
392
310
323
399
687
411
401
397
402
405
686
421
419
391
403
405
408
401
354
409
407
