0
649
704
696
756
758
732
747
709
759
756
774
723
768
766
728
751
748
724
759
746
731
758
763
727
752
754
771
753
724
765
740
698
797
732
707
734
747
751
674
732
751
759
708
710
707
764
714
750
677
744
807
700
746
754
728
759
684
689
779
729
733
731
736
755
694
722
648
768
700
738
700
783
705
679
775
728
716
753
741
770
752
725
711
737
741
715
738
739
730
740
741
794
725
745
778
702
1364
1203
735
726
735
755
716
727
752
813
720
731
753
725
632
709
624
701
747
761
757
759
745
737
728
761
2519
741
751
736
732
767
742
753
734
817
689
859
753
772
734
742
735
745
754
741
675
726
727
739
745
746
721
728
745
752
742
743
676
695
615
715
2311
1377
700
753
728
832
727
732
755
731
684
765
760
728
726
750
748
733
739
824
757
717
564
595
729
1257
746
736
726
736
744
1257
788
767
718
740
740
747
735
651
751
742
