0
252
274
274
295
297
286
293
278
296
297
305
285
299
300
286
294
295
284
298
290
286
300
298
285
297
295
300
295
284
299
293
276
312
288
277
289
292
294
263
285
297
297
279
278
278
301
279
297
267
293
304
286
292
297
287
298
267
270
304
284
287
289
289
298
275
283
255
305
274
291
278
312
279
267
305
285
283
296
293
304
297
286
281
291
295
283
293
290
288
290
293
312
288
296
309
275
359
383
293
287
292
300
284
287
296
303
301
289
300
286
249
280
249
277
293
302
298
297
294
291
287
295
521
307
297
291
290
295
314
296
292
323
275
341
297
302
288
296
290
296
297
292
265
290
290
291
293
297
285
288
294
297
293
294
267
275
242
280
487
415
277
298
290
329
288
291
286
300
271
305
300
290
284
295
297
292
289
328
301
284
214
242
289
408
297
294
289
290
293
421
313
303
284
292
292
297
292
259
296
293
