0
648
702
701
761
759
731
747
708
760
758
778
726
774
764
730
749
758
723
761
740
729
759
760
726
757
753
777
751
728
763
746
703
795
733
706
736
749
749
671
734
756
758
711
713
707
767
711
756
679
747
775
735
744
757
731
760
681
687
780
723
731
732
734
757
700
721
648
773
707
737
703
791
708
678
774
724
717
756
743
773
753
731
711
736
746
715
742
741
729
736
744
792
730
749
789
700
916
969
740
725
738
760
721
727
749
765
763
733
759
724
629
708
629
700
748
764
758
750
744
736
726
751
1315
776
751
745
733
743
801
754
737
817
695
861
751
778
735
747
734
748
751
738
672
732
732
736
753
750
720
734
744
750
743
744
675
694
613
713
1231
1048
707
754
734
831
727
735
729
758
685
770
757
734
719
751
751
737
732
829
761
718
542
617
730
1032
750
743
731
734
747
1063
790
766
718
739
739
751
739
655
749
740
